{"/home/travis/build/npmtest/node-npmtest-peer-upnp/test.js":{"path":"/home/travis/build/npmtest/node-npmtest-peer-upnp/test.js","s":{"1":2,"2":2,"3":2,"4":2,"5":2,"6":2,"7":2,"8":1,"9":2,"10":2,"11":1,"12":1,"13":1,"14":1,"15":2,"16":2,"17":2,"18":2,"19":1,"20":1,"21":2,"22":2,"23":2,"24":1,"25":1,"26":1,"27":1,"28":1,"29":1,"30":1,"31":1,"32":1,"33":1,"34":1,"35":1,"36":1,"37":1,"38":1,"39":2,"40":2,"41":1,"42":2,"43":2,"44":1,"45":2,"46":2,"47":1,"48":2,"49":2,"50":1,"51":1,"52":1,"53":1,"54":1},"b":{"1":[2,1,1,1],"2":[1,1,1,1],"3":[1,1],"4":[1,1],"5":[1,1],"6":[1,1],"7":[1,1],"8":[1,1],"9":[1,1],"10":[1,1,1],"11":[1,1],"12":[1,1],"13":[1,1],"14":[1,1],"15":[1,1],"16":[1,1],"17":[1,1]},"f":{"1":2,"2":2,"3":2,"4":2,"5":2,"6":1,"7":1,"8":1,"9":2,"10":2,"11":2,"12":2,"13":1},"fnMap":{"1":{"name":"(anonymous_1)","line":12,"loc":{"start":{"line":12,"column":1},"end":{"line":12,"column":13}}},"2":{"name":"(anonymous_2)","line":19,"loc":{"start":{"line":19,"column":5},"end":{"line":19,"column":17}}},"3":{"name":"(anonymous_3)","line":23,"loc":{"start":{"line":23,"column":24},"end":{"line":23,"column":36}}},"4":{"name":"(anonymous_4)","line":61,"loc":{"start":{"line":61,"column":5},"end":{"line":61,"column":17}}},"5":{"name":"(anonymous_5)","line":82,"loc":{"start":{"line":82,"column":5},"end":{"line":82,"column":17}}},"6":{"name":"(anonymous_6)","line":91,"loc":{"start":{"line":91,"column":77},"end":{"line":94,"column":10}}},"7":{"name":"(anonymous_7)","line":112,"loc":{"start":{"line":112,"column":83},"end":{"line":115,"column":10}},"skip":true},"8":{"name":"(anonymous_8)","line":123,"loc":{"start":{"line":123,"column":77},"end":{"line":126,"column":10}},"skip":true},"9":{"name":"(anonymous_9)","line":139,"loc":{"start":{"line":139,"column":12},"end":{"line":139,"column":40}},"skip":true},"10":{"name":"(anonymous_10)","line":147,"loc":{"start":{"line":147,"column":77},"end":{"line":150,"column":10}},"skip":true},"11":{"name":"(anonymous_11)","line":158,"loc":{"start":{"line":158,"column":83},"end":{"line":161,"column":10}},"skip":true},"12":{"name":"(anonymous_12)","line":169,"loc":{"start":{"line":169,"column":79},"end":{"line":172,"column":10}},"skip":true},"13":{"name":"(anonymous_13)","line":180,"loc":{"start":{"line":180,"column":75},"end":{"line":183,"column":10}},"skip":true}},"statementMap":{"1":{"start":{"line":12,"column":0},"end":{"line":195,"column":5}},"2":{"start":{"line":14,"column":4},"end":{"line":14,"column":14}},"3":{"start":{"line":19,"column":4},"end":{"line":56,"column":9}},"4":{"start":{"line":21,"column":8},"end":{"line":21,"column":19}},"5":{"start":{"line":23,"column":8},"end":{"line":35,"column":13}},"6":{"start":{"line":24,"column":12},"end":{"line":34,"column":13}},"7":{"start":{"line":25,"column":16},"end":{"line":28,"column":30}},"8":{"start":{"line":30,"column":16},"end":{"line":33,"column":27}},"9":{"start":{"line":37,"column":8},"end":{"line":39,"column":21}},"10":{"start":{"line":40,"column":8},"end":{"line":53,"column":9}},"11":{"start":{"line":43,"column":12},"end":{"line":46,"column":14}},"12":{"start":{"line":47,"column":12},"end":{"line":47,"column":18}},"13":{"start":{"line":50,"column":12},"end":{"line":51,"column":33}},"14":{"start":{"line":52,"column":12},"end":{"line":52,"column":18}},"15":{"start":{"line":55,"column":8},"end":{"line":55,"column":35}},"16":{"start":{"line":61,"column":4},"end":{"line":63,"column":9}},"17":{"start":{"line":62,"column":8},"end":{"line":62,"column":15}},"18":{"start":{"line":64,"column":4},"end":{"line":77,"column":5}},"19":{"start":{"line":70,"column":8},"end":{"line":70,"column":14}},"20":{"start":{"line":76,"column":8},"end":{"line":76,"column":14}},"21":{"start":{"line":82,"column":4},"end":{"line":84,"column":9}},"22":{"start":{"line":83,"column":8},"end":{"line":83,"column":15}},"23":{"start":{"line":85,"column":4},"end":{"line":194,"column":5}},"24":{"start":{"line":91,"column":8},"end":{"line":99,"column":10}},"25":{"start":{"line":98,"column":12},"end":{"line":98,"column":35}},"26":{"start":{"line":102,"column":8},"end":{"line":104,"column":63}},"27":{"start":{"line":105,"column":8},"end":{"line":105,"column":14}},"28":{"start":{"line":112,"column":8},"end":{"line":121,"column":10},"skip":true},"29":{"start":{"line":119,"column":12},"end":{"line":119,"column":55},"skip":true},"30":{"start":{"line":120,"column":12},"end":{"line":120,"column":48},"skip":true},"31":{"start":{"line":123,"column":8},"end":{"line":136,"column":10},"skip":true},"32":{"start":{"line":130,"column":12},"end":{"line":130,"column":76},"skip":true},"33":{"start":{"line":131,"column":12},"end":{"line":131,"column":73},"skip":true},"34":{"start":{"line":132,"column":12},"end":{"line":132,"column":74},"skip":true},"35":{"start":{"line":133,"column":12},"end":{"line":133,"column":79},"skip":true},"36":{"start":{"line":134,"column":12},"end":{"line":134,"column":25},"skip":true},"37":{"start":{"line":135,"column":12},"end":{"line":135,"column":45},"skip":true},"38":{"start":{"line":138,"column":8},"end":{"line":145,"column":14},"skip":true},"39":{"start":{"line":143,"column":16},"end":{"line":143,"column":29},"skip":true},"40":{"start":{"line":144,"column":16},"end":{"line":144,"column":55},"skip":true},"41":{"start":{"line":147,"column":8},"end":{"line":156,"column":10},"skip":true},"42":{"start":{"line":154,"column":12},"end":{"line":154,"column":25},"skip":true},"43":{"start":{"line":155,"column":12},"end":{"line":155,"column":45},"skip":true},"44":{"start":{"line":158,"column":8},"end":{"line":167,"column":10},"skip":true},"45":{"start":{"line":165,"column":12},"end":{"line":165,"column":25},"skip":true},"46":{"start":{"line":166,"column":12},"end":{"line":166,"column":48},"skip":true},"47":{"start":{"line":169,"column":8},"end":{"line":178,"column":10},"skip":true},"48":{"start":{"line":176,"column":12},"end":{"line":176,"column":25},"skip":true},"49":{"start":{"line":177,"column":12},"end":{"line":177,"column":46},"skip":true},"50":{"start":{"line":180,"column":8},"end":{"line":189,"column":10},"skip":true},"51":{"start":{"line":187,"column":12},"end":{"line":187,"column":94},"skip":true},"52":{"start":{"line":188,"column":12},"end":{"line":188,"column":48},"skip":true},"53":{"start":{"line":192,"column":8},"end":{"line":192,"column":35},"skip":true},"54":{"start":{"line":193,"column":8},"end":{"line":193,"column":14},"skip":true}},"branchMap":{"1":{"line":25,"type":"binary-expr","locations":[{"start":{"line":25,"column":23},"end":{"line":25,"column":62}},{"start":{"line":26,"column":20},"end":{"line":26,"column":70}},{"start":{"line":27,"column":20},"end":{"line":27,"column":71}},{"start":{"line":28,"column":20},"end":{"line":28,"column":29}}]},"2":{"line":30,"type":"binary-expr","locations":[{"start":{"line":30,"column":23},"end":{"line":30,"column":37}},{"start":{"line":31,"column":20},"end":{"line":31,"column":61}},{"start":{"line":32,"column":20},"end":{"line":32,"column":70}},{"start":{"line":33,"column":20},"end":{"line":33,"column":26}}]},"3":{"line":37,"type":"cond-expr","locations":[{"start":{"line":38,"column":14},"end":{"line":38,"column":20}},{"start":{"line":39,"column":14},"end":{"line":39,"column":20}}]},"4":{"line":40,"type":"switch","locations":[{"start":{"line":42,"column":8},"end":{"line":47,"column":18}},{"start":{"line":49,"column":8},"end":{"line":52,"column":18}}]},"5":{"line":44,"type":"binary-expr","locations":[{"start":{"line":44,"column":16},"end":{"line":44,"column":44}},{"start":{"line":44,"column":48},"end":{"line":44,"column":66}}]},"6":{"line":50,"type":"binary-expr","locations":[{"start":{"line":50,"column":21},"end":{"line":50,"column":49}},{"start":{"line":50,"column":53},"end":{"line":50,"column":72}}]},"7":{"line":64,"type":"switch","locations":[{"start":{"line":69,"column":4},"end":{"line":70,"column":14}},{"start":{"line":75,"column":4},"end":{"line":76,"column":14}}]},"8":{"line":85,"type":"switch","locations":[{"start":{"line":90,"column":4},"end":{"line":105,"column":14}},{"start":{"line":111,"column":4},"end":{"line":193,"column":14},"skip":true}]},"9":{"line":91,"type":"binary-expr","locations":[{"start":{"line":91,"column":42},"end":{"line":91,"column":73}},{"start":{"line":91,"column":77},"end":{"line":99,"column":9}}]},"10":{"line":102,"type":"binary-expr","locations":[{"start":{"line":102,"column":18},"end":{"line":102,"column":32}},{"start":{"line":103,"column":12},"end":{"line":103,"column":53}},{"start":{"line":104,"column":12},"end":{"line":104,"column":61}}]},"11":{"line":112,"type":"binary-expr","locations":[{"start":{"line":112,"column":45},"end":{"line":112,"column":79},"skip":true},{"start":{"line":112,"column":83},"end":{"line":121,"column":9},"skip":true}]},"12":{"line":123,"type":"binary-expr","locations":[{"start":{"line":123,"column":42},"end":{"line":123,"column":73},"skip":true},{"start":{"line":123,"column":77},"end":{"line":136,"column":9},"skip":true}]},"13":{"line":138,"type":"binary-expr","locations":[{"start":{"line":138,"column":48},"end":{"line":138,"column":85},"skip":true},{"start":{"line":139,"column":12},"end":{"line":145,"column":13},"skip":true}]},"14":{"line":147,"type":"binary-expr","locations":[{"start":{"line":147,"column":42},"end":{"line":147,"column":73},"skip":true},{"start":{"line":147,"column":77},"end":{"line":156,"column":9},"skip":true}]},"15":{"line":158,"type":"binary-expr","locations":[{"start":{"line":158,"column":45},"end":{"line":158,"column":79},"skip":true},{"start":{"line":158,"column":83},"end":{"line":167,"column":9},"skip":true}]},"16":{"line":169,"type":"binary-expr","locations":[{"start":{"line":169,"column":43},"end":{"line":169,"column":75},"skip":true},{"start":{"line":169,"column":79},"end":{"line":178,"column":9},"skip":true}]},"17":{"line":180,"type":"binary-expr","locations":[{"start":{"line":180,"column":41},"end":{"line":180,"column":71},"skip":true},{"start":{"line":180,"column":75},"end":{"line":189,"column":9},"skip":true}]}},"code":["/* istanbul instrument in package npmtest_peer_upnp */","/*jslint","    bitwise: true,","    browser: true,","    maxerr: 8,","    maxlen: 96,","    node: true,","    nomen: true,","    regexp: true,","    stupid: true","*/","(function () {","    'use strict';","    var local;","","","","    // run shared js-env code - init-before","    (function () {","        // init local","        local = {};","        // init modeJs","        local.modeJs = (function () {","            try {","                return typeof navigator.userAgent === 'string' &&","                    typeof document.querySelector('body') === 'object' &&","                    typeof XMLHttpRequest.prototype.open === 'function' &&","                    'browser';","            } catch (errorCaughtBrowser) {","                return module.exports &&","                    typeof process.versions.node === 'string' &&","                    typeof require('http').createServer === 'function' &&","                    'node';","            }","        }());","        // init global","        local.global = local.modeJs === 'browser'","            ? window","            : global;","        switch (local.modeJs) {","        // re-init local from window.local","        case 'browser':","            local = local.global.utility2.objectSetDefault(","                local.global.utility2_rollup || local.global.local,","                local.global.utility2","            );","            break;","        // re-init local from example.js","        case 'node':","            local = (local.global.utility2_rollup || require('utility2'))","                .requireReadme();","            break;","        }","        // export local","        local.global.local = local;","    }());","","","","    // run shared js-env code - function","    (function () {","        return;","    }());","    switch (local.modeJs) {","","","","    // run browser js-env code - function","    case 'browser':","        break;","","","","    // run node js-env code - function","    case 'node':","        break;","    }","","","","    // run shared js-env code - init-after","    (function () {","        return;","    }());","    switch (local.modeJs) {","","","","    // run browser js-env code - init-after","    case 'browser':","        local.testCase_browser_nullCase = local.testCase_browser_nullCase || function (","            options,","            onError","        ) {","        /*","         * this function will test browsers's null-case handling-behavior-behavior","         */","            onError(null, options);","        };","","        // run tests","        local.nop(local.modeTest &&","            document.querySelector('#testRunButton1') &&","            document.querySelector('#testRunButton1').click());","        break;","","","","    // run node js-env code - init-after","    /* istanbul ignore next */","    case 'node':","        local.testCase_buildApidoc_default = local.testCase_buildApidoc_default || function (","            options,","            onError","        ) {","        /*","         * this function will test buildApidoc's default handling-behavior-behavior","         */","            options = { modulePathList: module.paths };","            local.buildApidoc(options, onError);","        };","","        local.testCase_buildApp_default = local.testCase_buildApp_default || function (","            options,","            onError","        ) {","        /*","         * this function will test buildApp's default handling-behavior-behavior","         */","            local.testCase_buildReadme_default(options, local.onErrorThrow);","            local.testCase_buildLib_default(options, local.onErrorThrow);","            local.testCase_buildTest_default(options, local.onErrorThrow);","            local.testCase_buildCustomOrg_default(options, local.onErrorThrow);","            options = [];","            local.buildApp(options, onError);","        };","","        local.testCase_buildCustomOrg_default = local.testCase_buildCustomOrg_default ||","            function (options, onError) {","            /*","             * this function will test buildCustomOrg's default handling-behavior","             */","                options = {};","                local.buildCustomOrg(options, onError);","            };","","        local.testCase_buildLib_default = local.testCase_buildLib_default || function (","            options,","            onError","        ) {","        /*","         * this function will test buildLib's default handling-behavior","         */","            options = {};","            local.buildLib(options, onError);","        };","","        local.testCase_buildReadme_default = local.testCase_buildReadme_default || function (","            options,","            onError","        ) {","        /*","         * this function will test buildReadme's default handling-behavior-behavior","         */","            options = {};","            local.buildReadme(options, onError);","        };","","        local.testCase_buildTest_default = local.testCase_buildTest_default || function (","            options,","            onError","        ) {","        /*","         * this function will test buildTest's default handling-behavior","         */","            options = {};","            local.buildTest(options, onError);","        };","","        local.testCase_webpage_default = local.testCase_webpage_default || function (","            options,","            onError","        ) {","        /*","         * this function will test webpage's default handling-behavior","         */","            options = { modeCoverageMerge: true, url: local.serverLocalHost + '?modeTest=1' };","            local.browserTest(options, onError);","        };","","        // run test-server","        local.testRunServer(local);","        break;","    }","}());",""],"l":{"12":2,"14":2,"19":2,"21":2,"23":2,"24":2,"25":2,"30":1,"37":2,"40":2,"43":1,"47":1,"50":1,"52":1,"55":2,"61":2,"62":2,"64":2,"70":1,"76":1,"82":2,"83":2,"85":2,"91":1,"98":1,"102":1,"105":1,"112":1,"119":1,"120":1,"123":1,"130":1,"131":1,"132":1,"133":1,"134":1,"135":1,"138":1,"143":2,"144":2,"147":1,"154":2,"155":2,"158":1,"165":2,"166":2,"169":1,"176":2,"177":2,"180":1,"187":1,"188":1,"192":1,"193":1}},"/home/travis/build/npmtest/node-npmtest-peer-upnp/lib.npmtest_peer_upnp.js":{"path":"/home/travis/build/npmtest/node-npmtest-peer-upnp/lib.npmtest_peer_upnp.js","s":{"1":2,"2":2,"3":2,"4":2,"5":2,"6":2,"7":2,"8":1,"9":2,"10":2,"11":2,"12":2,"13":1,"14":1,"15":1,"16":1},"b":{"1":[2,1,1,1],"2":[1,1,1,1],"3":[1,1],"4":[2,2],"5":[1,1]},"f":{"1":2,"2":2,"3":2},"fnMap":{"1":{"name":"(anonymous_1)","line":12,"loc":{"start":{"line":12,"column":1},"end":{"line":12,"column":13}}},"2":{"name":"(anonymous_2)","line":19,"loc":{"start":{"line":19,"column":5},"end":{"line":19,"column":17}}},"3":{"name":"(anonymous_3)","line":23,"loc":{"start":{"line":23,"column":24},"end":{"line":23,"column":36}}}},"statementMap":{"1":{"start":{"line":12,"column":0},"end":{"line":53,"column":5}},"2":{"start":{"line":14,"column":4},"end":{"line":14,"column":14}},"3":{"start":{"line":19,"column":4},"end":{"line":52,"column":9}},"4":{"start":{"line":21,"column":8},"end":{"line":21,"column":19}},"5":{"start":{"line":23,"column":8},"end":{"line":35,"column":13}},"6":{"start":{"line":24,"column":12},"end":{"line":34,"column":13}},"7":{"start":{"line":25,"column":16},"end":{"line":28,"column":30}},"8":{"start":{"line":30,"column":16},"end":{"line":33,"column":27}},"9":{"start":{"line":37,"column":8},"end":{"line":39,"column":21}},"10":{"start":{"line":41,"column":8},"end":{"line":41,"column":54}},"11":{"start":{"line":43,"column":8},"end":{"line":43,"column":54}},"12":{"start":{"line":45,"column":8},"end":{"line":51,"column":9}},"13":{"start":{"line":46,"column":12},"end":{"line":46,"column":60}},"14":{"start":{"line":48,"column":12},"end":{"line":48,"column":35}},"15":{"start":{"line":49,"column":12},"end":{"line":49,"column":49}},"16":{"start":{"line":50,"column":12},"end":{"line":50,"column":43}}},"branchMap":{"1":{"line":25,"type":"binary-expr","locations":[{"start":{"line":25,"column":23},"end":{"line":25,"column":62}},{"start":{"line":26,"column":20},"end":{"line":26,"column":70}},{"start":{"line":27,"column":20},"end":{"line":27,"column":71}},{"start":{"line":28,"column":20},"end":{"line":28,"column":29}}]},"2":{"line":30,"type":"binary-expr","locations":[{"start":{"line":30,"column":23},"end":{"line":30,"column":37}},{"start":{"line":31,"column":20},"end":{"line":31,"column":61}},{"start":{"line":32,"column":20},"end":{"line":32,"column":70}},{"start":{"line":33,"column":20},"end":{"line":33,"column":26}}]},"3":{"line":37,"type":"cond-expr","locations":[{"start":{"line":38,"column":14},"end":{"line":38,"column":20}},{"start":{"line":39,"column":14},"end":{"line":39,"column":20}}]},"4":{"line":41,"type":"binary-expr","locations":[{"start":{"line":41,"column":16},"end":{"line":41,"column":44}},{"start":{"line":41,"column":48},"end":{"line":41,"column":53}}]},"5":{"line":45,"type":"if","locations":[{"start":{"line":45,"column":8},"end":{"line":45,"column":8}},{"start":{"line":45,"column":8},"end":{"line":45,"column":8}}]}},"code":["/* istanbul instrument in package npmtest_peer_upnp */","/*jslint","    bitwise: true,","    browser: true,","    maxerr: 8,","    maxlen: 96,","    node: true,","    nomen: true,","    regexp: true,","    stupid: true","*/","(function () {","    'use strict';","    var local;","","","","    // run shared js-env code - init-before","    (function () {","        // init local","        local = {};","        // init modeJs","        local.modeJs = (function () {","            try {","                return typeof navigator.userAgent === 'string' &&","                    typeof document.querySelector('body') === 'object' &&","                    typeof XMLHttpRequest.prototype.open === 'function' &&","                    'browser';","            } catch (errorCaughtBrowser) {","                return module.exports &&","                    typeof process.versions.node === 'string' &&","                    typeof require('http').createServer === 'function' &&","                    'node';","            }","        }());","        // init global","        local.global = local.modeJs === 'browser'","            ? window","            : global;","        // init utility2_rollup","        local = local.global.utility2_rollup || local;","        // init lib","        local.local = local.npmtest_peer_upnp = local;","        // init exports","        if (local.modeJs === 'browser') {","            local.global.utility2_npmtest_peer_upnp = local;","        } else {","            module.exports = local;","            module.exports.__dirname = __dirname;","            module.exports.module = module;","        }","    }());","}());",""],"l":{"12":2,"14":2,"19":2,"21":2,"23":2,"24":2,"25":2,"30":1,"37":2,"41":2,"43":2,"45":2,"46":1,"48":1,"49":1,"50":1}},"/home/travis/build/npmtest/node-npmtest-peer-upnp/example.js":{"path":"/home/travis/build/npmtest/node-npmtest-peer-upnp/example.js","s":{"1":2,"2":2,"3":2,"4":2,"5":2,"6":2,"7":2,"8":1,"9":2,"10":2,"11":2,"12":2,"13":1,"14":2,"15":2,"16":2,"17":2,"18":2,"19":0,"20":2,"21":1,"22":1,"23":1,"24":1,"25":1,"26":0,"27":0,"28":1,"29":1,"30":2,"31":0,"32":0,"33":0,"34":1,"35":2,"36":2,"37":3,"38":3,"39":3,"40":3,"41":0,"42":3,"43":3,"44":3,"45":1,"46":3,"47":1,"48":1,"49":1,"50":1,"51":1,"52":1,"53":1,"54":1,"55":1,"56":1,"57":0,"58":1,"59":6,"60":6,"61":1,"62":2,"63":0,"64":2,"65":1,"66":1,"67":0,"68":0,"69":0,"70":0,"71":0,"72":0,"73":0,"74":0,"75":0,"76":0,"77":0,"78":0,"79":0,"80":0,"81":0,"82":0,"83":0},"b":{"1":[2,1,1,1],"2":[1,1,1,1],"3":[1,1],"4":[2,2],"5":[1,1],"6":[1,1],"7":[2,0],"8":[2,1,1,1,1,1],"9":[0,2,0],"10":[1,1],"11":[2,1,1],"12":[1,0],"13":[0,2],"14":[2,0,0,0,0,0,0],"15":[0,3],"16":[3,0],"17":[1,1],"18":[0,1],"19":[1,2,0,2],"20":[1,0],"21":[1,1],"22":[0,0],"23":[0,0],"24":[0,0],"25":[0,0],"26":[0,0],"27":[0,0],"28":[0,0]},"f":{"1":2,"2":2,"3":2,"4":2,"5":2,"6":2,"7":3,"8":3,"9":3,"10":1,"11":6,"12":0},"fnMap":{"1":{"name":"(anonymous_1)","line":26,"loc":{"start":{"line":26,"column":1},"end":{"line":26,"column":13}}},"2":{"name":"(anonymous_2)","line":33,"loc":{"start":{"line":33,"column":5},"end":{"line":33,"column":17}}},"3":{"name":"(anonymous_3)","line":37,"loc":{"start":{"line":37,"column":24},"end":{"line":37,"column":36}}},"4":{"name":"(anonymous_4)","line":69,"loc":{"start":{"line":69,"column":31},"end":{"line":69,"column":48}},"skip":true},"5":{"name":"(anonymous_5)","line":78,"loc":{"start":{"line":78,"column":26},"end":{"line":78,"column":45}},"skip":true},"6":{"name":"(anonymous_6)","line":123,"loc":{"start":{"line":123,"column":33},"end":{"line":123,"column":48}},"skip":true},"7":{"name":"(anonymous_7)","line":125,"loc":{"start":{"line":125,"column":27},"end":{"line":125,"column":39}},"skip":true},"8":{"name":"(anonymous_8)","line":133,"loc":{"start":{"line":133,"column":59},"end":{"line":133,"column":74}},"skip":true},"9":{"name":"(anonymous_9)","line":143,"loc":{"start":{"line":143,"column":45},"end":{"line":143,"column":62}},"skip":true},"10":{"name":"(anonymous_10)","line":144,"loc":{"start":{"line":144,"column":73},"end":{"line":144,"column":92}},"skip":true},"11":{"name":"(anonymous_11)","line":272,"loc":{"start":{"line":272,"column":51},"end":{"line":272,"column":77}},"skip":true},"12":{"name":"(anonymous_12)","line":315,"loc":{"start":{"line":315,"column":32},"end":{"line":315,"column":61}},"skip":true}},"statementMap":{"1":{"start":{"line":26,"column":0},"end":{"line":326,"column":5}},"2":{"start":{"line":28,"column":4},"end":{"line":28,"column":14}},"3":{"start":{"line":33,"column":4},"end":{"line":60,"column":9}},"4":{"start":{"line":35,"column":8},"end":{"line":35,"column":19}},"5":{"start":{"line":37,"column":8},"end":{"line":49,"column":13}},"6":{"start":{"line":38,"column":12},"end":{"line":48,"column":13}},"7":{"start":{"line":39,"column":16},"end":{"line":42,"column":30}},"8":{"start":{"line":44,"column":16},"end":{"line":47,"column":27}},"9":{"start":{"line":51,"column":8},"end":{"line":53,"column":21}},"10":{"start":{"line":55,"column":8},"end":{"line":57,"column":45}},"11":{"start":{"line":59,"column":8},"end":{"line":59,"column":35}},"12":{"start":{"line":61,"column":4},"end":{"line":325,"column":5}},"13":{"start":{"line":69,"column":8},"end":{"line":121,"column":10},"skip":true},"14":{"start":{"line":70,"column":12},"end":{"line":88,"column":13},"skip":true},"15":{"start":{"line":76,"column":16},"end":{"line":87,"column":19},"skip":true},"16":{"start":{"line":79,"column":20},"end":{"line":86,"column":21},"skip":true},"17":{"start":{"line":82,"column":24},"end":{"line":82,"column":43},"skip":true},"18":{"start":{"line":83,"column":24},"end":{"line":83,"column":30},"skip":true},"19":{"start":{"line":85,"column":24},"end":{"line":85,"column":49},"skip":true},"20":{"start":{"line":89,"column":12},"end":{"line":107,"column":13},"skip":true},"21":{"start":{"line":92,"column":16},"end":{"line":102,"column":17},"skip":true},"22":{"start":{"line":93,"column":20},"end":{"line":93,"column":86},"skip":true},"23":{"start":{"line":94,"column":20},"end":{"line":95,"column":45},"skip":true},"24":{"start":{"line":96,"column":20},"end":{"line":96,"column":42},"skip":true},"25":{"start":{"line":97,"column":20},"end":{"line":97,"column":48},"skip":true},"26":{"start":{"line":100,"column":20},"end":{"line":100,"column":85},"skip":true},"27":{"start":{"line":101,"column":20},"end":{"line":101,"column":96},"skip":true},"28":{"start":{"line":103,"column":16},"end":{"line":103,"column":22},"skip":true},"29":{"start":{"line":106,"column":16},"end":{"line":106,"column":22},"skip":true},"30":{"start":{"line":108,"column":12},"end":{"line":120,"column":13},"skip":true},"31":{"start":{"line":114,"column":16},"end":{"line":119,"column":17},"skip":true},"32":{"start":{"line":116,"column":20},"end":{"line":116,"column":78},"skip":true},"33":{"start":{"line":118,"column":20},"end":{"line":118,"column":47},"skip":true},"34":{"start":{"line":123,"column":8},"end":{"line":141,"column":11},"skip":true},"35":{"start":{"line":124,"column":12},"end":{"line":124,"column":54},"skip":true},"36":{"start":{"line":125,"column":12},"end":{"line":140,"column":14},"skip":true},"37":{"start":{"line":126,"column":16},"end":{"line":126,"column":28},"skip":true},"38":{"start":{"line":127,"column":16},"end":{"line":127,"column":69},"skip":true},"39":{"start":{"line":128,"column":16},"end":{"line":128,"column":75},"skip":true},"40":{"start":{"line":129,"column":16},"end":{"line":131,"column":17},"skip":true},"41":{"start":{"line":130,"column":20},"end":{"line":130,"column":27},"skip":true},"42":{"start":{"line":133,"column":16},"end":{"line":137,"column":36},"skip":true},"43":{"start":{"line":134,"column":20},"end":{"line":136,"column":55},"skip":true},"44":{"start":{"line":139,"column":16},"end":{"line":139,"column":57},"skip":true},"45":{"start":{"line":143,"column":8},"end":{"line":147,"column":11},"skip":true},"46":{"start":{"line":144,"column":12},"end":{"line":146,"column":15},"skip":true},"47":{"start":{"line":145,"column":16},"end":{"line":145,"column":70},"skip":true},"48":{"start":{"line":149,"column":8},"end":{"line":149,"column":31},"skip":true},"49":{"start":{"line":150,"column":8},"end":{"line":150,"column":14},"skip":true},"50":{"start":{"line":158,"column":8},"end":{"line":158,"column":31},"skip":true},"51":{"start":{"line":160,"column":8},"end":{"line":160,"column":33},"skip":true},"52":{"start":{"line":161,"column":8},"end":{"line":161,"column":37},"skip":true},"53":{"start":{"line":162,"column":8},"end":{"line":162,"column":35},"skip":true},"54":{"start":{"line":164,"column":8},"end":{"line":164,"column":50},"skip":true},"55":{"start":{"line":166,"column":8},"end":{"line":256,"column":2},"skip":true},"56":{"start":{"line":258,"column":8},"end":{"line":286,"column":9},"skip":true},"57":{"start":{"line":259,"column":12},"end":{"line":269,"column":14},"skip":true},"58":{"start":{"line":271,"column":12},"end":{"line":285,"column":19},"skip":true},"59":{"start":{"line":274,"column":20},"end":{"line":274,"column":35},"skip":true},"60":{"start":{"line":275,"column":20},"end":{"line":284,"column":21},"skip":true},"61":{"start":{"line":277,"column":24},"end":{"line":277,"column":64},"skip":true},"62":{"start":{"line":279,"column":24},"end":{"line":279,"column":40},"skip":true},"63":{"start":{"line":281,"column":24},"end":{"line":281,"column":40},"skip":true},"64":{"start":{"line":283,"column":24},"end":{"line":283,"column":39},"skip":true},"65":{"start":{"line":288,"column":8},"end":{"line":290,"column":9},"skip":true},"66":{"start":{"line":289,"column":12},"end":{"line":289,"column":18},"skip":true},"67":{"start":{"line":291,"column":8},"end":{"line":293,"column":54},"skip":true},"68":{"start":{"line":296,"column":8},"end":{"line":301,"column":37},"skip":true},"69":{"start":{"line":303,"column":8},"end":{"line":303,"column":82},"skip":true},"70":{"start":{"line":306,"column":8},"end":{"line":308,"column":9},"skip":true},"71":{"start":{"line":307,"column":12},"end":{"line":307,"column":82},"skip":true},"72":{"start":{"line":310,"column":8},"end":{"line":312,"column":9},"skip":true},"73":{"start":{"line":311,"column":12},"end":{"line":311,"column":18},"skip":true},"74":{"start":{"line":313,"column":8},"end":{"line":313,"column":54},"skip":true},"75":{"start":{"line":314,"column":8},"end":{"line":314,"column":69},"skip":true},"76":{"start":{"line":315,"column":8},"end":{"line":323,"column":36},"skip":true},"77":{"start":{"line":316,"column":12},"end":{"line":316,"column":61},"skip":true},"78":{"start":{"line":317,"column":12},"end":{"line":320,"column":13},"skip":true},"79":{"start":{"line":318,"column":16},"end":{"line":318,"column":75},"skip":true},"80":{"start":{"line":319,"column":16},"end":{"line":319,"column":23},"skip":true},"81":{"start":{"line":321,"column":12},"end":{"line":321,"column":38},"skip":true},"82":{"start":{"line":322,"column":12},"end":{"line":322,"column":27},"skip":true},"83":{"start":{"line":324,"column":8},"end":{"line":324,"column":14},"skip":true}},"branchMap":{"1":{"line":39,"type":"binary-expr","locations":[{"start":{"line":39,"column":23},"end":{"line":39,"column":62}},{"start":{"line":40,"column":20},"end":{"line":40,"column":70}},{"start":{"line":41,"column":20},"end":{"line":41,"column":71}},{"start":{"line":42,"column":20},"end":{"line":42,"column":29}}]},"2":{"line":44,"type":"binary-expr","locations":[{"start":{"line":44,"column":23},"end":{"line":44,"column":37}},{"start":{"line":45,"column":20},"end":{"line":45,"column":61}},{"start":{"line":46,"column":20},"end":{"line":46,"column":70}},{"start":{"line":47,"column":20},"end":{"line":47,"column":26}}]},"3":{"line":51,"type":"cond-expr","locations":[{"start":{"line":52,"column":14},"end":{"line":52,"column":20}},{"start":{"line":53,"column":14},"end":{"line":53,"column":20}}]},"4":{"line":55,"type":"binary-expr","locations":[{"start":{"line":55,"column":16},"end":{"line":55,"column":44}},{"start":{"line":55,"column":49},"end":{"line":57,"column":43}}]},"5":{"line":55,"type":"cond-expr","locations":[{"start":{"line":56,"column":14},"end":{"line":56,"column":53}},{"start":{"line":57,"column":14},"end":{"line":57,"column":43}}]},"6":{"line":61,"type":"switch","locations":[{"start":{"line":68,"column":4},"end":{"line":150,"column":14},"skip":true},{"start":{"line":156,"column":4},"end":{"line":324,"column":14},"skip":true}]},"7":{"line":70,"type":"if","locations":[{"start":{"line":70,"column":12},"end":{"line":70,"column":12},"skip":true},{"start":{"line":70,"column":12},"end":{"line":70,"column":12},"skip":true}]},"8":{"line":70,"type":"binary-expr","locations":[{"start":{"line":70,"column":16},"end":{"line":70,"column":22},"skip":true},{"start":{"line":70,"column":27},"end":{"line":70,"column":32},"skip":true},{"start":{"line":71,"column":20},"end":{"line":71,"column":39},"skip":true},{"start":{"line":72,"column":20},"end":{"line":72,"column":49},"skip":true},{"start":{"line":73,"column":20},"end":{"line":73,"column":58},"skip":true},{"start":{"line":74,"column":20},"end":{"line":74,"column":69},"skip":true}]},"9":{"line":79,"type":"switch","locations":[{"start":{"line":80,"column":20},"end":{"line":80,"column":33},"skip":true},{"start":{"line":81,"column":20},"end":{"line":83,"column":30},"skip":true},{"start":{"line":84,"column":20},"end":{"line":85,"column":49},"skip":true}]},"10":{"line":89,"type":"switch","locations":[{"start":{"line":90,"column":12},"end":{"line":103,"column":22},"skip":true},{"start":{"line":105,"column":12},"end":{"line":106,"column":22},"skip":true}]},"11":{"line":89,"type":"binary-expr","locations":[{"start":{"line":89,"column":20},"end":{"line":89,"column":25},"skip":true},{"start":{"line":89,"column":29},"end":{"line":89,"column":48},"skip":true},{"start":{"line":89,"column":52},"end":{"line":89,"column":74},"skip":true}]},"12":{"line":92,"type":"if","locations":[{"start":{"line":92,"column":16},"end":{"line":92,"column":16},"skip":true},{"start":{"line":92,"column":16},"end":{"line":92,"column":16},"skip":true}]},"13":{"line":108,"type":"if","locations":[{"start":{"line":108,"column":12},"end":{"line":108,"column":12},"skip":true},{"start":{"line":108,"column":12},"end":{"line":108,"column":12},"skip":true}]},"14":{"line":108,"type":"binary-expr","locations":[{"start":{"line":108,"column":16},"end":{"line":108,"column":61},"skip":true},{"start":{"line":108,"column":66},"end":{"line":108,"column":72},"skip":true},{"start":{"line":108,"column":77},"end":{"line":108,"column":82},"skip":true},{"start":{"line":109,"column":20},"end":{"line":109,"column":39},"skip":true},{"start":{"line":110,"column":20},"end":{"line":110,"column":49},"skip":true},{"start":{"line":111,"column":20},"end":{"line":111,"column":58},"skip":true},{"start":{"line":112,"column":20},"end":{"line":112,"column":68},"skip":true}]},"15":{"line":129,"type":"if","locations":[{"start":{"line":129,"column":16},"end":{"line":129,"column":16},"skip":true},{"start":{"line":129,"column":16},"end":{"line":129,"column":16},"skip":true}]},"16":{"line":134,"type":"cond-expr","locations":[{"start":{"line":135,"column":26},"end":{"line":135,"column":29},"skip":true},{"start":{"line":136,"column":26},"end":{"line":136,"column":54},"skip":true}]},"17":{"line":164,"type":"binary-expr","locations":[{"start":{"line":164,"column":27},"end":{"line":164,"column":43},"skip":true},{"start":{"line":164,"column":47},"end":{"line":164,"column":49},"skip":true}]},"18":{"line":258,"type":"if","locations":[{"start":{"line":258,"column":8},"end":{"line":258,"column":8},"skip":true},{"start":{"line":258,"column":8},"end":{"line":258,"column":8},"skip":true}]},"19":{"line":275,"type":"switch","locations":[{"start":{"line":276,"column":20},"end":{"line":277,"column":64},"skip":true},{"start":{"line":278,"column":20},"end":{"line":279,"column":40},"skip":true},{"start":{"line":280,"column":20},"end":{"line":281,"column":40},"skip":true},{"start":{"line":282,"column":20},"end":{"line":283,"column":39},"skip":true}]},"20":{"line":288,"type":"if","locations":[{"start":{"line":288,"column":8},"end":{"line":288,"column":8},"skip":true},{"start":{"line":288,"column":8},"end":{"line":288,"column":8},"skip":true}]},"21":{"line":288,"type":"binary-expr","locations":[{"start":{"line":288,"column":12},"end":{"line":288,"column":40},"skip":true},{"start":{"line":288,"column":44},"end":{"line":288,"column":67},"skip":true}]},"22":{"line":292,"type":"binary-expr","locations":[{"start":{"line":292,"column":12},"end":{"line":292,"column":50},"skip":true},{"start":{"line":293,"column":12},"end":{"line":293,"column":53},"skip":true}]},"23":{"line":297,"type":"binary-expr","locations":[{"start":{"line":297,"column":12},"end":{"line":297,"column":67},"skip":true},{"start":{"line":298,"column":12},"end":{"line":301,"column":36},"skip":true}]},"24":{"line":303,"type":"binary-expr","locations":[{"start":{"line":303,"column":43},"end":{"line":303,"column":75},"skip":true},{"start":{"line":303,"column":79},"end":{"line":303,"column":81},"skip":true}]},"25":{"line":306,"type":"if","locations":[{"start":{"line":306,"column":8},"end":{"line":306,"column":8},"skip":true},{"start":{"line":306,"column":8},"end":{"line":306,"column":8},"skip":true}]},"26":{"line":310,"type":"if","locations":[{"start":{"line":310,"column":8},"end":{"line":310,"column":8},"skip":true},{"start":{"line":310,"column":8},"end":{"line":310,"column":8},"skip":true}]},"27":{"line":313,"type":"binary-expr","locations":[{"start":{"line":313,"column":27},"end":{"line":313,"column":43},"skip":true},{"start":{"line":313,"column":47},"end":{"line":313,"column":53},"skip":true}]},"28":{"line":317,"type":"if","locations":[{"start":{"line":317,"column":12},"end":{"line":317,"column":12},"skip":true},{"start":{"line":317,"column":12},"end":{"line":317,"column":12},"skip":true}]}},"code":["/*","example.js","","quickstart example","","instruction","    1. save this script as example.js","    2. run the shell command:","        $ npm install npmtest-peer-upnp && PORT=8081 node example.js","    3. play with the browser-demo on http://127.0.0.1:8081","*/","","","","/* istanbul instrument in package npmtest_peer_upnp */","/*jslint","    bitwise: true,","    browser: true,","    maxerr: 8,","    maxlen: 96,","    node: true,","    nomen: true,","    regexp: true,","    stupid: true","*/","(function () {","    'use strict';","    var local;","","","","    // run shared js-env code - init-before","    (function () {","        // init local","        local = {};","        // init modeJs","        local.modeJs = (function () {","            try {","                return typeof navigator.userAgent === 'string' &&","                    typeof document.querySelector('body') === 'object' &&","                    typeof XMLHttpRequest.prototype.open === 'function' &&","                    'browser';","            } catch (errorCaughtBrowser) {","                return module.exports &&","                    typeof process.versions.node === 'string' &&","                    typeof require('http').createServer === 'function' &&","                    'node';","            }","        }());","        // init global","        local.global = local.modeJs === 'browser'","            ? window","            : global;","        // init utility2_rollup","        local = local.global.utility2_rollup || (local.modeJs === 'browser'","            ? local.global.utility2_npmtest_peer_upnp","            : global.utility2_moduleExports);","        // export local","        local.global.local = local;","    }());","    switch (local.modeJs) {","","","","    // init-after","    // run browser js-env code - init-after","    /* istanbul ignore next */","    case 'browser':","        local.testRunBrowser = function (event) {","            if (!event || (event &&","                    event.currentTarget &&","                    event.currentTarget.className &&","                    event.currentTarget.className.includes &&","                    event.currentTarget.className.includes('onreset'))) {","                // reset output","                Array.from(","                    document.querySelectorAll('body > .resettable')","                ).forEach(function (element) {","                    switch (element.tagName) {","                    case 'INPUT':","                    case 'TEXTAREA':","                        element.value = '';","                        break;","                    default:","                        element.textContent = '';","                    }","                });","            }","            switch (event && event.currentTarget && event.currentTarget.id) {","            case 'testRunButton1':","                // show tests","                if (document.querySelector('#testReportDiv1').style.display === 'none') {","                    document.querySelector('#testReportDiv1').style.display = 'block';","                    document.querySelector('#testRunButton1').textContent =","                        'hide internal test';","                    local.modeTest = true;","                    local.testRunDefault(local);","                // hide tests","                } else {","                    document.querySelector('#testReportDiv1').style.display = 'none';","                    document.querySelector('#testRunButton1').textContent = 'run internal test';","                }","                break;","            // custom-case","            default:","                break;","            }","            if (document.querySelector('#inputTextareaEval1') && (!event || (event &&","                    event.currentTarget &&","                    event.currentTarget.className &&","                    event.currentTarget.className.includes &&","                    event.currentTarget.className.includes('oneval')))) {","                // try to eval input-code","                try {","                    /*jslint evil: true*/","                    eval(document.querySelector('#inputTextareaEval1').value);","                } catch (errorCaught) {","                    console.error(errorCaught);","                }","            }","        };","        // log stderr and stdout to #outputTextareaStdout1","        ['error', 'log'].forEach(function (key) {","            console[key + '_original'] = console[key];","            console[key] = function () {","                var element;","                console[key + '_original'].apply(console, arguments);","                element = document.querySelector('#outputTextareaStdout1');","                if (!element) {","                    return;","                }","                // append text to #outputTextareaStdout1","                element.value += Array.from(arguments).map(function (arg) {","                    return typeof arg === 'string'","                        ? arg","                        : JSON.stringify(arg, null, 4);","                }).join(' ') + '\\n';","                // scroll textarea to bottom","                element.scrollTop = element.scrollHeight;","            };","        });","        // init event-handling","        ['change', 'click', 'keyup'].forEach(function (event) {","            Array.from(document.querySelectorAll('.on' + event)).forEach(function (element) {","                element.addEventListener(event, local.testRunBrowser);","            });","        });","        // run tests","        local.testRunBrowser();","        break;","","","","    // run node js-env code - init-after","    /* istanbul ignore next */","    case 'node':","        // export local","        module.exports = local;","        // require modules","        local.fs = require('fs');","        local.http = require('http');","        local.url = require('url');","        // init assets","        local.assetsDict = local.assetsDict || {};","        /* jslint-ignore-begin */","        local.assetsDict['/assets.index.template.html'] = '\\","<!doctype html>\\n\\","<html lang=\"en\">\\n\\","<head>\\n\\","<meta charset=\"UTF-8\">\\n\\","<meta name=\"viewport\" content=\"width=device-width, initial-scale=1\">\\n\\","<title>{{env.npm_package_name}} (v{{env.npm_package_version}})</title>\\n\\","<style>\\n\\","/*csslint\\n\\","    box-sizing: false,\\n\\","    universal-selector: false\\n\\","*/\\n\\","* {\\n\\","    box-sizing: border-box;\\n\\","}\\n\\","body {\\n\\","    background: #dde;\\n\\","    font-family: Arial, Helvetica, sans-serif;\\n\\","    margin: 2rem;\\n\\","}\\n\\","body > * {\\n\\","    margin-bottom: 1rem;\\n\\","}\\n\\",".utility2FooterDiv {\\n\\","    margin-top: 20px;\\n\\","    text-align: center;\\n\\","}\\n\\","</style>\\n\\","<style>\\n\\","/*csslint\\n\\","*/\\n\\","textarea {\\n\\","    font-family: monospace;\\n\\","    height: 10rem;\\n\\","    width: 100%;\\n\\","}\\n\\","textarea[readonly] {\\n\\","    background: #ddd;\\n\\","}\\n\\","</style>\\n\\","</head>\\n\\","<body>\\n\\","<!-- utility2-comment\\n\\","<div id=\"ajaxProgressDiv1\" style=\"background: #d00; height: 2px; left: 0; margin: 0; padding: 0; position: fixed; top: 0; transition: background 0.5s, width 1.5s; width: 25%;\"></div>\\n\\","utility2-comment -->\\n\\","<h1>\\n\\","<!-- utility2-comment\\n\\","    <a\\n\\","        {{#if env.npm_package_homepage}}\\n\\","        href=\"{{env.npm_package_homepage}}\"\\n\\","        {{/if env.npm_package_homepage}}\\n\\","        target=\"_blank\"\\n\\","    >\\n\\","utility2-comment -->\\n\\","        {{env.npm_package_name}} (v{{env.npm_package_version}})\\n\\","<!-- utility2-comment\\n\\","    </a>\\n\\","utility2-comment -->\\n\\","</h1>\\n\\","<h3>{{env.npm_package_description}}</h3>\\n\\","<!-- utility2-comment\\n\\","<h4><a download href=\"assets.app.js\">download standalone app</a></h4>\\n\\","<button class=\"onclick onreset\" id=\"testRunButton1\">run internal test</button><br>\\n\\","<div id=\"testReportDiv1\" style=\"display: none;\"></div>\\n\\","utility2-comment -->\\n\\","\\n\\","\\n\\","\\n\\","<label>stderr and stdout</label>\\n\\","<textarea class=\"resettable\" id=\"outputTextareaStdout1\" readonly></textarea>\\n\\","<!-- utility2-comment\\n\\","{{#if isRollup}}\\n\\","<script src=\"assets.app.js\"></script>\\n\\","{{#unless isRollup}}\\n\\","utility2-comment -->\\n\\","<script src=\"assets.utility2.rollup.js\"></script>\\n\\","<script src=\"jsonp.utility2._stateInit?callback=window.utility2._stateInit\"></script>\\n\\","<script src=\"assets.npmtest_peer_upnp.rollup.js\"></script>\\n\\","<script src=\"assets.example.js\"></script>\\n\\","<script src=\"assets.test.js\"></script>\\n\\","<!-- utility2-comment\\n\\","{{/if isRollup}}\\n\\","utility2-comment -->\\n\\","<div class=\"utility2FooterDiv\">\\n\\","    [ this app was created with\\n\\","    <a href=\"https://github.com/kaizhu256/node-utility2\" target=\"_blank\">utility2</a>\\n\\","    ]\\n\\","</div>\\n\\","</body>\\n\\","</html>\\n\\","';","        /* jslint-ignore-end */","        if (local.templateRender) {","            local.assetsDict['/'] = local.templateRender(","                local.assetsDict['/assets.index.template.html'],","                {","                    env: local.objectSetDefault(local.env, {","                        npm_package_description: 'the greatest app in the world!',","                        npm_package_name: 'my-app',","                        npm_package_nameAlias: 'my_app',","                        npm_package_version: '0.0.1'","                    })","                }","            );","        } else {","            local.assetsDict['/'] = local.assetsDict['/assets.index.template.html']","                .replace((/\\{\\{env\\.(\\w+?)\\}\\}/g), function (match0, match1) {","                    // jslint-hack","                    String(match0);","                    switch (match1) {","                    case 'npm_package_description':","                        return 'the greatest app in the world!';","                    case 'npm_package_name':","                        return 'my-app';","                    case 'npm_package_nameAlias':","                        return 'my_app';","                    case 'npm_package_version':","                        return '0.0.1';","                    }","                });","        }","        // run the cli","        if (local.global.utility2_rollup || module !== require.main) {","            break;","        }","        local.assetsDict['/assets.example.js'] =","            local.assetsDict['/assets.example.js'] ||","            local.fs.readFileSync(__filename, 'utf8');","        // bug-workaround - long $npm_package_buildCustomOrg","        /* jslint-ignore-begin */","        local.assetsDict['/assets.npmtest_peer_upnp.rollup.js'] =","            local.assetsDict['/assets.npmtest_peer_upnp.rollup.js'] ||","            local.fs.readFileSync(","                local.npmtest_peer_upnp.__dirname + '/lib.npmtest_peer_upnp.js',","                'utf8'","            ).replace((/^#!/), '//');","        /* jslint-ignore-end */","        local.assetsDict['/favicon.ico'] = local.assetsDict['/favicon.ico'] || '';","        // if $npm_config_timeout_exit exists,","        // then exit this process after $npm_config_timeout_exit ms","        if (Number(process.env.npm_config_timeout_exit)) {","            setTimeout(process.exit, Number(process.env.npm_config_timeout_exit));","        }","        // start server","        if (local.global.utility2_serverHttp1) {","            break;","        }","        process.env.PORT = process.env.PORT || '8081';","        console.error('server starting on port ' + process.env.PORT);","        local.http.createServer(function (request, response) {","            request.urlParsed = local.url.parse(request.url);","            if (local.assetsDict[request.urlParsed.pathname] !== undefined) {","                response.end(local.assetsDict[request.urlParsed.pathname]);","                return;","            }","            response.statusCode = 404;","            response.end();","        }).listen(process.env.PORT);","        break;","    }","}());",""],"l":{"26":2,"28":2,"33":2,"35":2,"37":2,"38":2,"39":2,"44":1,"51":2,"55":2,"59":2,"61":2,"69":1,"70":2,"76":2,"79":2,"82":2,"83":2,"85":1,"89":2,"92":1,"93":1,"94":1,"96":1,"97":1,"100":1,"101":1,"103":1,"106":1,"108":2,"114":1,"116":1,"118":1,"123":1,"124":2,"125":2,"126":3,"127":3,"128":3,"129":3,"130":1,"133":3,"134":3,"139":3,"143":1,"144":3,"145":1,"149":1,"150":1,"158":1,"160":1,"161":1,"162":1,"164":1,"166":1,"258":1,"259":1,"271":1,"274":6,"275":6,"277":1,"279":2,"281":1,"283":2,"288":1,"289":1,"291":1,"296":1,"303":1,"306":1,"307":1,"310":1,"311":1,"313":1,"314":1,"315":1,"316":1,"317":1,"318":1,"319":1,"321":1,"322":1,"324":1}},"/home/travis/build/npmtest/node-npmtest-peer-upnp/node_modules/peer-upnp/index.js":{"path":"/home/travis/build/npmtest/node-npmtest-peer-upnp/node_modules/peer-upnp/index.js","s":{"1":1},"b":{},"f":{},"fnMap":{},"statementMap":{"1":{"start":{"line":24,"column":1},"end":{"line":24,"column":45}}},"branchMap":{},"code":["/*******************************************************************************"," * "," * Copyright (c) 2013 Louay Bassbouss, Fraunhofer FOKUS, All rights reserved."," * "," * This library is free software; you can redistribute it and/or"," * modify it under the terms of the GNU Lesser General Public"," * License as published by the Free Software Foundation; either"," * version 3.0 of the License, or (at your option) any later version."," * "," * This library is distributed in the hope that it will be useful,"," * but WITHOUT ANY WARRANTY; without even the implied warranty of"," * MERCHANTABILITY or FITNESS FOR A PARTICULAR PURPOSE.  See the GNU"," * Lesser General Public License for more details."," * "," * You should have received a copy of the GNU Lesser General Public"," * License along with this library. If not, see <http://www.gnu.org/licenses/>. "," * "," * AUTHORS: Louay Bassbouss (louay.bassbouss@fokus.fraunhofer.de)"," *     Martin Lasak (martin.lasak@fokus.fraunhofer.de)"," *     Alexander Futasz (alexander.futasz@fokus.fraunhofer.de)"," *"," ******************************************************************************/",""," module.exports = require('./lib/peer-upnp');"],"l":{"24":1}},"/home/travis/build/npmtest/node-npmtest-peer-upnp/node_modules/peer-upnp/lib/peer-upnp.js":{"path":"/home/travis/build/npmtest/node-npmtest-peer-upnp/node_modules/peer-upnp/lib/peer-upnp.js","s":{"1":1,"2":1,"3":1,"4":1,"5":1,"6":1,"7":1,"8":1,"9":1,"10":1,"11":1,"12":1,"13":1,"14":1,"15":1,"16":1,"17":1,"18":1,"19":1,"20":1,"21":1,"22":1,"23":1,"24":1,"25":1,"26":1,"27":1,"28":0,"29":0,"30":0,"31":0,"32":0,"33":1,"34":1,"35":0,"36":0,"37":0,"38":1,"39":0,"40":0,"41":0,"42":0,"43":0,"44":0,"45":0,"46":0,"47":0,"48":0,"49":0,"50":0,"51":0,"52":0,"53":0,"54":0,"55":0,"56":0,"57":0,"58":0,"59":0,"60":0,"61":0,"62":0,"63":0,"64":0,"65":0,"66":0,"67":0,"68":0,"69":0,"70":0,"71":0,"72":0,"73":0,"74":0,"75":0,"76":0,"77":0,"78":0,"79":0,"80":0,"81":0,"82":0,"83":0,"84":0,"85":0,"86":0,"87":0,"88":0,"89":0,"90":0,"91":0,"92":0,"93":0,"94":0,"95":0,"96":0,"97":0,"98":0,"99":0,"100":0,"101":0,"102":0,"103":0,"104":0,"105":0,"106":1,"107":1,"108":0,"109":0,"110":0,"111":1,"112":0,"113":0,"114":0,"115":0,"116":0,"117":0,"118":0,"119":0,"120":1,"121":0,"122":0,"123":0,"124":0,"125":0,"126":0,"127":0,"128":1,"129":0,"130":0,"131":0,"132":1,"133":0,"134":0,"135":0,"136":0,"137":0,"138":0,"139":0,"140":0,"141":0,"142":0,"143":0,"144":0,"145":0,"146":0,"147":0,"148":0,"149":0,"150":0,"151":0,"152":0,"153":0,"154":0,"155":0,"156":0,"157":0,"158":0,"159":0,"160":1,"161":0,"162":0,"163":0,"164":0,"165":0,"166":0,"167":0,"168":0,"169":0,"170":0,"171":0,"172":0,"173":0,"174":0,"175":0,"176":0,"177":0,"178":0,"179":0,"180":0,"181":0,"182":0,"183":0,"184":0,"185":0,"186":0,"187":0,"188":1,"189":0,"190":0,"191":1,"192":0,"193":0,"194":0,"195":0,"196":1,"197":0,"198":1,"199":0,"200":0,"201":0,"202":0,"203":0,"204":0,"205":0,"206":0,"207":0,"208":0,"209":0,"210":0,"211":0,"212":0,"213":0,"214":1,"215":0,"216":1,"217":0,"218":1,"219":0,"220":0,"221":0,"222":0,"223":0,"224":0,"225":0,"226":0,"227":0,"228":0,"229":0,"230":0,"231":0,"232":0,"233":0,"234":0,"235":0,"236":0,"237":1,"238":0,"239":0,"240":0,"241":0,"242":1,"243":1,"244":0,"245":0,"246":0,"247":0,"248":0,"249":0,"250":0,"251":0,"252":0,"253":0,"254":0,"255":0,"256":0,"257":0,"258":0,"259":0,"260":0,"261":0,"262":0,"263":0,"264":0,"265":0,"266":0,"267":0,"268":0,"269":0,"270":0,"271":0,"272":0,"273":0,"274":0,"275":0,"276":0,"277":0,"278":0,"279":0,"280":0,"281":0,"282":0,"283":1,"284":0,"285":1,"286":0,"287":0,"288":0,"289":0,"290":0,"291":0,"292":0,"293":0,"294":0,"295":0,"296":0,"297":0,"298":0,"299":0,"300":0,"301":0,"302":0,"303":1,"304":1,"305":0,"306":0,"307":0,"308":0,"309":0,"310":0,"311":0,"312":0,"313":0,"314":0,"315":0,"316":0,"317":0,"318":0,"319":0,"320":0,"321":0,"322":0,"323":0,"324":0,"325":0,"326":0,"327":0,"328":0,"329":0,"330":0,"331":0,"332":0,"333":0,"334":0,"335":0,"336":0,"337":0,"338":0,"339":0,"340":0,"341":0,"342":0,"343":0,"344":0,"345":0,"346":0,"347":0,"348":0,"349":1,"350":0,"351":0,"352":0,"353":0,"354":0,"355":0,"356":0,"357":0,"358":0,"359":0,"360":0,"361":0,"362":0,"363":1,"364":0,"365":0,"366":0,"367":0,"368":0,"369":0,"370":0,"371":0,"372":0,"373":0,"374":0,"375":0,"376":1,"377":0,"378":0,"379":0,"380":0,"381":0,"382":0,"383":0,"384":0,"385":0,"386":0,"387":1,"388":0,"389":0,"390":0,"391":0,"392":0,"393":0,"394":0,"395":0,"396":0,"397":0,"398":0,"399":0,"400":0,"401":0,"402":0,"403":0,"404":0,"405":0,"406":0,"407":0,"408":0,"409":0,"410":0,"411":1,"412":0,"413":0,"414":0,"415":1,"416":0,"417":0,"418":0,"419":0,"420":0,"421":0,"422":0,"423":0,"424":1,"425":0,"426":0,"427":0,"428":0,"429":0,"430":0,"431":0,"432":0,"433":0,"434":0,"435":0,"436":0,"437":0,"438":0,"439":0,"440":0,"441":1,"442":0,"443":0,"444":0,"445":0,"446":0,"447":0,"448":0,"449":0,"450":0,"451":0,"452":0,"453":0,"454":0,"455":0,"456":0,"457":0,"458":0,"459":0,"460":0,"461":0,"462":0,"463":0,"464":0,"465":0,"466":0,"467":0,"468":0,"469":0,"470":0,"471":0,"472":0,"473":0,"474":0,"475":1,"476":0,"477":0,"478":0,"479":0,"480":0,"481":0,"482":0,"483":0,"484":0,"485":0,"486":0,"487":0,"488":0,"489":0,"490":0,"491":0,"492":0,"493":0,"494":0,"495":0,"496":0,"497":0,"498":0,"499":0,"500":0,"501":1,"502":0,"503":0,"504":0,"505":0,"506":0,"507":0,"508":0,"509":0,"510":0,"511":0,"512":0,"513":0,"514":0,"515":0,"516":0,"517":0,"518":0,"519":0,"520":0,"521":0,"522":1,"523":0,"524":0,"525":0,"526":0,"527":0,"528":0,"529":0,"530":0,"531":0,"532":0,"533":0,"534":0,"535":0,"536":1,"537":1,"538":0,"539":0,"540":0,"541":0,"542":0,"543":0,"544":0,"545":0,"546":0,"547":0,"548":0,"549":0,"550":0,"551":0,"552":0,"553":0,"554":0,"555":0,"556":0,"557":0,"558":0,"559":0,"560":0,"561":0,"562":1,"563":0,"564":0,"565":0,"566":0,"567":0,"568":0,"569":0,"570":0,"571":0,"572":0,"573":0,"574":0,"575":0,"576":0,"577":0,"578":0,"579":0,"580":0,"581":0,"582":0,"583":0,"584":0,"585":0,"586":0,"587":0,"588":0,"589":0,"590":0,"591":0,"592":0,"593":0,"594":0,"595":0,"596":0,"597":0,"598":0,"599":0,"600":0,"601":0,"602":0,"603":0,"604":0,"605":1,"606":0,"607":0,"608":0,"609":0,"610":0,"611":0,"612":0,"613":0,"614":1,"615":0,"616":0,"617":0,"618":0,"619":0,"620":0,"621":0,"622":0,"623":0,"624":0,"625":0,"626":0,"627":0,"628":0,"629":0,"630":0,"631":0,"632":0,"633":0,"634":0,"635":0,"636":0,"637":0,"638":1,"639":1},"b":{"1":[1,0],"2":[1,0],"3":[0,0],"4":[0,0],"5":[0,0],"6":[0,0],"7":[0,0],"8":[0,0,0,0],"9":[0,0],"10":[0,0],"11":[0,0],"12":[0,0,0],"13":[0,0],"14":[0,0],"15":[0,0],"16":[0,0],"17":[0,0,0],"18":[0,0],"19":[0,0],"20":[0,0,0,0],"21":[0,0],"22":[0,0],"23":[0,0],"24":[0,0],"25":[0,0],"26":[0,0],"27":[0,0],"28":[0,0],"29":[0,0],"30":[0,0],"31":[0,0],"32":[0,0],"33":[0,0,0,0],"34":[0,0],"35":[0,0],"36":[0,0],"37":[0,0],"38":[0,0],"39":[0,0],"40":[0,0],"41":[0,0],"42":[0,0],"43":[0,0],"44":[0,0],"45":[0,0],"46":[0,0],"47":[0,0],"48":[0,0],"49":[0,0],"50":[0,0],"51":[0,0],"52":[0,0],"53":[0,0],"54":[0,0],"55":[0,0],"56":[0,0],"57":[0,0],"58":[0,0,0],"59":[0,0],"60":[0,0],"61":[0,0],"62":[0,0],"63":[0,0],"64":[0,0],"65":[0,0],"66":[0,0],"67":[0,0],"68":[0,0],"69":[0,0],"70":[0,0],"71":[0,0],"72":[0,0],"73":[0,0],"74":[0,0],"75":[0,0],"76":[0,0],"77":[0,0],"78":[0,0],"79":[0,0],"80":[0,0],"81":[0,0],"82":[0,0],"83":[0,0],"84":[0,0],"85":[0,0],"86":[0,0],"87":[0,0],"88":[0,0,0],"89":[0,0],"90":[0,0,0],"91":[0,0],"92":[0,0],"93":[0,0],"94":[0,0],"95":[0,0],"96":[0,0],"97":[0,0],"98":[0,0],"99":[0,0],"100":[0,0],"101":[0,0],"102":[0,0],"103":[0,0],"104":[0,0],"105":[0,0,0],"106":[0,0,0,0,0],"107":[0,0],"108":[0,0],"109":[0,0],"110":[0,0],"111":[0,0],"112":[0,0],"113":[0,0,0,0,0],"114":[0,0],"115":[0,0,0],"116":[0,0],"117":[0,0],"118":[0,0],"119":[0,0],"120":[0,0],"121":[0,0,0],"122":[0,0],"123":[0,0],"124":[0,0,0],"125":[0,0],"126":[0,0],"127":[0,0],"128":[0,0],"129":[0,0],"130":[0,0],"131":[0,0],"132":[0,0],"133":[0,0],"134":[0,0],"135":[0,0],"136":[0,0],"137":[0,0],"138":[0,0,0],"139":[0,0,0],"140":[0,0],"141":[0,0],"142":[0,0],"143":[0,0],"144":[0,0],"145":[0,0],"146":[0,0],"147":[0,0],"148":[0,0],"149":[0,0],"150":[0,0],"151":[0,0],"152":[0,0],"153":[0,0],"154":[0,0],"155":[0,0],"156":[0,0],"157":[0,0,0],"158":[0,0],"159":[0,0,0],"160":[0,0],"161":[0,0],"162":[0,0],"163":[0,0],"164":[0,0],"165":[0,0],"166":[0,0],"167":[0,0],"168":[0,0],"169":[0,0],"170":[0,0],"171":[0,0],"172":[0,0],"173":[0,0],"174":[0,0],"175":[0,0],"176":[0,0],"177":[0,0],"178":[0,0],"179":[0,0],"180":[0,0],"181":[0,0],"182":[0,0,0],"183":[0,0],"184":[0,0],"185":[0,0],"186":[0,0],"187":[0,0],"188":[0,0],"189":[0,0],"190":[0,0]},"f":{"1":0,"2":0,"3":0,"4":0,"5":0,"6":0,"7":0,"8":0,"9":0,"10":0,"11":0,"12":0,"13":0,"14":0,"15":0,"16":0,"17":0,"18":0,"19":0,"20":0,"21":0,"22":0,"23":0,"24":0,"25":0,"26":0,"27":0,"28":0,"29":0,"30":0,"31":0,"32":0,"33":0,"34":0,"35":0,"36":0,"37":0,"38":0,"39":0,"40":0,"41":0,"42":0,"43":0,"44":0,"45":0,"46":0,"47":0,"48":0,"49":0,"50":0,"51":0,"52":0,"53":0,"54":0,"55":0,"56":0,"57":0,"58":0,"59":0,"60":0,"61":0,"62":0,"63":0,"64":0,"65":0,"66":0,"67":0,"68":0,"69":0,"70":0},"fnMap":{"1":{"name":"(anonymous_1)","line":52,"loc":{"start":{"line":52,"column":16},"end":{"line":52,"column":39}}},"2":{"name":"(anonymous_2)","line":61,"loc":{"start":{"line":61,"column":17},"end":{"line":61,"column":34}}},"3":{"name":"(anonymous_3)","line":67,"loc":{"start":{"line":67,"column":11},"end":{"line":67,"column":28}}},"4":{"name":"(anonymous_4)","line":77,"loc":{"start":{"line":77,"column":27},"end":{"line":77,"column":53}}},"5":{"name":"(anonymous_5)","line":89,"loc":{"start":{"line":89,"column":33},"end":{"line":89,"column":49}}},"6":{"name":"(anonymous_6)","line":115,"loc":{"start":{"line":115,"column":16},"end":{"line":115,"column":42}}},"7":{"name":"(anonymous_7)","line":118,"loc":{"start":{"line":118,"column":15},"end":{"line":118,"column":41}}},"8":{"name":"(anonymous_8)","line":129,"loc":{"start":{"line":129,"column":32},"end":{"line":129,"column":48}}},"9":{"name":"(anonymous_9)","line":143,"loc":{"start":{"line":143,"column":15},"end":{"line":143,"column":25}}},"10":{"name":"(anonymous_10)","line":145,"loc":{"start":{"line":145,"column":30},"end":{"line":145,"column":40}}},"11":{"name":"(anonymous_11)","line":149,"loc":{"start":{"line":149,"column":15},"end":{"line":149,"column":25}}},"12":{"name":"(anonymous_12)","line":154,"loc":{"start":{"line":154,"column":23},"end":{"line":154,"column":48}}},"13":{"name":"(anonymous_13)","line":167,"loc":{"start":{"line":167,"column":23},"end":{"line":167,"column":33}}},"14":{"name":"(anonymous_14)","line":174,"loc":{"start":{"line":174,"column":23},"end":{"line":174,"column":33}}},"15":{"name":"(anonymous_15)","line":180,"loc":{"start":{"line":180,"column":12},"end":{"line":180,"column":22}}},"16":{"name":"(anonymous_16)","line":186,"loc":{"start":{"line":186,"column":30},"end":{"line":186,"column":47}}},"17":{"name":"(anonymous_17)","line":197,"loc":{"start":{"line":197,"column":30},"end":{"line":197,"column":44}}},"18":{"name":"(anonymous_18)","line":204,"loc":{"start":{"line":204,"column":17},"end":{"line":204,"column":61}}},"19":{"name":"(anonymous_19)","line":205,"loc":{"start":{"line":205,"column":12},"end":{"line":205,"column":38}}},"20":{"name":"(anonymous_20)","line":224,"loc":{"start":{"line":224,"column":26},"end":{"line":224,"column":45}}},"21":{"name":"(anonymous_21)","line":230,"loc":{"start":{"line":230,"column":106},"end":{"line":230,"column":124}}},"22":{"name":"(anonymous_22)","line":273,"loc":{"start":{"line":273,"column":13},"end":{"line":273,"column":36}}},"23":{"name":"(anonymous_23)","line":303,"loc":{"start":{"line":303,"column":29},"end":{"line":303,"column":39}}},"24":{"name":"(anonymous_24)","line":308,"loc":{"start":{"line":308,"column":33},"end":{"line":308,"column":50}}},"25":{"name":"(anonymous_25)","line":314,"loc":{"start":{"line":314,"column":33},"end":{"line":314,"column":54}}},"26":{"name":"(anonymous_26)","line":318,"loc":{"start":{"line":318,"column":14},"end":{"line":318,"column":39}}},"27":{"name":"(anonymous_27)","line":336,"loc":{"start":{"line":336,"column":24},"end":{"line":336,"column":44}}},"28":{"name":"(anonymous_28)","line":340,"loc":{"start":{"line":340,"column":24},"end":{"line":340,"column":38}}},"29":{"name":"(anonymous_29)","line":344,"loc":{"start":{"line":344,"column":27},"end":{"line":344,"column":37}}},"30":{"name":"(anonymous_30)","line":386,"loc":{"start":{"line":386,"column":19},"end":{"line":386,"column":41}}},"31":{"name":"(anonymous_31)","line":394,"loc":{"start":{"line":394,"column":30},"end":{"line":394,"column":48}}},"32":{"name":"(anonymous_32)","line":396,"loc":{"start":{"line":396,"column":34},"end":{"line":396,"column":54}}},"33":{"name":"(anonymous_33)","line":401,"loc":{"start":{"line":401,"column":87},"end":{"line":401,"column":108}}},"34":{"name":"(anonymous_34)","line":443,"loc":{"start":{"line":443,"column":36},"end":{"line":443,"column":57}}},"35":{"name":"(anonymous_35)","line":447,"loc":{"start":{"line":447,"column":20},"end":{"line":447,"column":45}}},"36":{"name":"(anonymous_36)","line":460,"loc":{"start":{"line":460,"column":23},"end":{"line":460,"column":48}}},"37":{"name":"(anonymous_37)","line":465,"loc":{"start":{"line":465,"column":26},"end":{"line":465,"column":51}}},"38":{"name":"(anonymous_38)","line":472,"loc":{"start":{"line":472,"column":31},"end":{"line":472,"column":49}}},"39":{"name":"(anonymous_39)","line":479,"loc":{"start":{"line":479,"column":28},"end":{"line":479,"column":48}}},"40":{"name":"(anonymous_40)","line":480,"loc":{"start":{"line":480,"column":89},"end":{"line":480,"column":110}}},"41":{"name":"(anonymous_41)","line":541,"loc":{"start":{"line":541,"column":16},"end":{"line":541,"column":33}}},"42":{"name":"(anonymous_42)","line":556,"loc":{"start":{"line":556,"column":3},"end":{"line":556,"column":16}}},"43":{"name":"(anonymous_43)","line":562,"loc":{"start":{"line":562,"column":37},"end":{"line":562,"column":47}}},"44":{"name":"(anonymous_44)","line":569,"loc":{"start":{"line":569,"column":12},"end":{"line":569,"column":29}}},"45":{"name":"(anonymous_45)","line":584,"loc":{"start":{"line":584,"column":4},"end":{"line":584,"column":17}}},"46":{"name":"(anonymous_46)","line":588,"loc":{"start":{"line":588,"column":38},"end":{"line":588,"column":48}}},"47":{"name":"(anonymous_47)","line":596,"loc":{"start":{"line":596,"column":18},"end":{"line":596,"column":35}}},"48":{"name":"(anonymous_48)","line":613,"loc":{"start":{"line":613,"column":4},"end":{"line":613,"column":17}}},"49":{"name":"(anonymous_49)","line":620,"loc":{"start":{"line":620,"column":26},"end":{"line":620,"column":40}}},"50":{"name":"(anonymous_50)","line":621,"loc":{"start":{"line":621,"column":61},"end":{"line":621,"column":78}}},"51":{"name":"(anonymous_51)","line":641,"loc":{"start":{"line":641,"column":19},"end":{"line":641,"column":35}}},"52":{"name":"(anonymous_52)","line":642,"loc":{"start":{"line":642,"column":18},"end":{"line":642,"column":28}}},"53":{"name":"(anonymous_53)","line":651,"loc":{"start":{"line":651,"column":28},"end":{"line":651,"column":42}}},"54":{"name":"(anonymous_54)","line":659,"loc":{"start":{"line":659,"column":33},"end":{"line":659,"column":55}}},"55":{"name":"(anonymous_55)","line":672,"loc":{"start":{"line":672,"column":34},"end":{"line":672,"column":56}}},"56":{"name":"(anonymous_56)","line":700,"loc":{"start":{"line":700,"column":24},"end":{"line":700,"column":46}}},"57":{"name":"(anonymous_57)","line":711,"loc":{"start":{"line":711,"column":110},"end":{"line":711,"column":128}}},"58":{"name":"(anonymous_58)","line":755,"loc":{"start":{"line":755,"column":22},"end":{"line":755,"column":44}}},"59":{"name":"(anonymous_59)","line":764,"loc":{"start":{"line":764,"column":91},"end":{"line":764,"column":109}}},"60":{"name":"(anonymous_60)","line":795,"loc":{"start":{"line":795,"column":27},"end":{"line":795,"column":49}}},"61":{"name":"(anonymous_61)","line":827,"loc":{"start":{"line":827,"column":29},"end":{"line":827,"column":51}}},"62":{"name":"(anonymous_62)","line":858,"loc":{"start":{"line":858,"column":13},"end":{"line":858,"column":38}}},"63":{"name":"(anonymous_63)","line":896,"loc":{"start":{"line":896,"column":14},"end":{"line":896,"column":39}}},"64":{"name":"(anonymous_64)","line":977,"loc":{"start":{"line":977,"column":18},"end":{"line":977,"column":29}}},"65":{"name":"(anonymous_65)","line":995,"loc":{"start":{"line":995,"column":18},"end":{"line":995,"column":58}}},"66":{"name":"(anonymous_66)","line":1006,"loc":{"start":{"line":1006,"column":33},"end":{"line":1006,"column":47}}},"67":{"name":"(anonymous_67)","line":1008,"loc":{"start":{"line":1008,"column":17},"end":{"line":1008,"column":33}}},"68":{"name":"(anonymous_68)","line":1011,"loc":{"start":{"line":1011,"column":16},"end":{"line":1011,"column":27}}},"69":{"name":"(anonymous_69)","line":1018,"loc":{"start":{"line":1018,"column":16},"end":{"line":1018,"column":32}}},"70":{"name":"(anonymous_70)","line":1021,"loc":{"start":{"line":1021,"column":21},"end":{"line":1021,"column":33}}}},"statementMap":{"1":{"start":{"line":24,"column":0},"end":{"line":24,"column":23}},"2":{"start":{"line":25,"column":0},"end":{"line":25,"column":23}},"3":{"start":{"line":26,"column":0},"end":{"line":26,"column":25}},"4":{"start":{"line":27,"column":0},"end":{"line":27,"column":31}},"5":{"start":{"line":28,"column":0},"end":{"line":28,"column":31}},"6":{"start":{"line":29,"column":0},"end":{"line":29,"column":25}},"7":{"start":{"line":30,"column":0},"end":{"line":30,"column":27}},"8":{"start":{"line":31,"column":0},"end":{"line":31,"column":27}},"9":{"start":{"line":32,"column":0},"end":{"line":32,"column":32}},"10":{"start":{"line":33,"column":0},"end":{"line":33,"column":32}},"11":{"start":{"line":35,"column":0},"end":{"line":35,"column":36}},"12":{"start":{"line":36,"column":0},"end":{"line":36,"column":30}},"13":{"start":{"line":37,"column":0},"end":{"line":37,"column":37}},"14":{"start":{"line":38,"column":0},"end":{"line":38,"column":39}},"15":{"start":{"line":39,"column":0},"end":{"line":39,"column":21}},"16":{"start":{"line":40,"column":0},"end":{"line":40,"column":85}},"17":{"start":{"line":41,"column":0},"end":{"line":41,"column":87}},"18":{"start":{"line":42,"column":0},"end":{"line":42,"column":84}},"19":{"start":{"line":43,"column":0},"end":{"line":43,"column":84}},"20":{"start":{"line":44,"column":0},"end":{"line":44,"column":78}},"21":{"start":{"line":45,"column":0},"end":{"line":45,"column":78}},"22":{"start":{"line":46,"column":0},"end":{"line":46,"column":80}},"23":{"start":{"line":47,"column":0},"end":{"line":47,"column":82}},"24":{"start":{"line":48,"column":0},"end":{"line":48,"column":82}},"25":{"start":{"line":49,"column":0},"end":{"line":49,"column":76}},"26":{"start":{"line":51,"column":0},"end":{"line":51,"column":26}},"27":{"start":{"line":52,"column":0},"end":{"line":58,"column":2}},"28":{"start":{"line":53,"column":1},"end":{"line":53,"column":18}},"29":{"start":{"line":54,"column":1},"end":{"line":54,"column":49}},"30":{"start":{"line":55,"column":1},"end":{"line":55,"column":25}},"31":{"start":{"line":56,"column":1},"end":{"line":56,"column":24}},"32":{"start":{"line":57,"column":1},"end":{"line":57,"column":33}},"33":{"start":{"line":59,"column":0},"end":{"line":59,"column":32}},"34":{"start":{"line":61,"column":0},"end":{"line":65,"column":2}},"35":{"start":{"line":62,"column":1},"end":{"line":62,"column":25}},"36":{"start":{"line":63,"column":1},"end":{"line":63,"column":30}},"37":{"start":{"line":64,"column":1},"end":{"line":64,"column":13}},"38":{"start":{"line":67,"column":0},"end":{"line":164,"column":2}},"39":{"start":{"line":68,"column":1},"end":{"line":68,"column":17}},"40":{"start":{"line":69,"column":1},"end":{"line":69,"column":36}},"41":{"start":{"line":70,"column":1},"end":{"line":70,"column":38}},"42":{"start":{"line":71,"column":1},"end":{"line":71,"column":51}},"43":{"start":{"line":72,"column":1},"end":{"line":72,"column":98}},"44":{"start":{"line":73,"column":1},"end":{"line":73,"column":22}},"45":{"start":{"line":74,"column":1},"end":{"line":74,"column":19}},"46":{"start":{"line":75,"column":1},"end":{"line":75,"column":25}},"47":{"start":{"line":76,"column":1},"end":{"line":76,"column":35}},"48":{"start":{"line":77,"column":1},"end":{"line":153,"column":4}},"49":{"start":{"line":78,"column":2},"end":{"line":78,"column":27}},"50":{"start":{"line":79,"column":2},"end":{"line":79,"column":25}},"51":{"start":{"line":80,"column":2},"end":{"line":80,"column":33}},"52":{"start":{"line":81,"column":2},"end":{"line":81,"column":31}},"53":{"start":{"line":82,"column":2},"end":{"line":114,"column":3}},"54":{"start":{"line":83,"column":3},"end":{"line":102,"column":4}},"55":{"start":{"line":84,"column":4},"end":{"line":84,"column":39}},"56":{"start":{"line":85,"column":4},"end":{"line":88,"column":7}},"57":{"start":{"line":89,"column":4},"end":{"line":101,"column":7}},"58":{"start":{"line":90,"column":5},"end":{"line":94,"column":6}},"59":{"start":{"line":91,"column":6},"end":{"line":91,"column":39}},"60":{"start":{"line":92,"column":6},"end":{"line":92,"column":34}},"61":{"start":{"line":93,"column":6},"end":{"line":93,"column":45}},"62":{"start":{"line":95,"column":5},"end":{"line":95,"column":32}},"63":{"start":{"line":96,"column":5},"end":{"line":96,"column":41}},"64":{"start":{"line":97,"column":5},"end":{"line":97,"column":34}},"65":{"start":{"line":98,"column":5},"end":{"line":100,"column":6}},"66":{"start":{"line":99,"column":6},"end":{"line":99,"column":36}},"67":{"start":{"line":104,"column":7},"end":{"line":114,"column":3}},"68":{"start":{"line":105,"column":3},"end":{"line":105,"column":40}},"69":{"start":{"line":106,"column":3},"end":{"line":113,"column":4}},"70":{"start":{"line":107,"column":4},"end":{"line":107,"column":35}},"71":{"start":{"line":108,"column":4},"end":{"line":111,"column":5}},"72":{"start":{"line":109,"column":5},"end":{"line":109,"column":38}},"73":{"start":{"line":110,"column":5},"end":{"line":110,"column":39}},"74":{"start":{"line":112,"column":4},"end":{"line":112,"column":36}},"75":{"start":{"line":116,"column":2},"end":{"line":116,"column":25}},"76":{"start":{"line":117,"column":2},"end":{"line":117,"column":27}},"77":{"start":{"line":119,"column":2},"end":{"line":119,"column":27}},"78":{"start":{"line":120,"column":2},"end":{"line":120,"column":25}},"79":{"start":{"line":121,"column":2},"end":{"line":121,"column":27}},"80":{"start":{"line":122,"column":2},"end":{"line":122,"column":31}},"81":{"start":{"line":123,"column":2},"end":{"line":142,"column":3}},"82":{"start":{"line":124,"column":3},"end":{"line":124,"column":38}},"83":{"start":{"line":125,"column":3},"end":{"line":128,"column":6}},"84":{"start":{"line":129,"column":3},"end":{"line":141,"column":6}},"85":{"start":{"line":130,"column":4},"end":{"line":134,"column":5}},"86":{"start":{"line":131,"column":5},"end":{"line":131,"column":38}},"87":{"start":{"line":132,"column":5},"end":{"line":132,"column":33}},"88":{"start":{"line":133,"column":5},"end":{"line":133,"column":44}},"89":{"start":{"line":135,"column":4},"end":{"line":135,"column":31}},"90":{"start":{"line":136,"column":4},"end":{"line":136,"column":40}},"91":{"start":{"line":137,"column":4},"end":{"line":137,"column":33}},"92":{"start":{"line":138,"column":4},"end":{"line":140,"column":5}},"93":{"start":{"line":139,"column":5},"end":{"line":139,"column":35}},"94":{"start":{"line":144,"column":2},"end":{"line":144,"column":26}},"95":{"start":{"line":145,"column":2},"end":{"line":147,"column":14}},"96":{"start":{"line":146,"column":3},"end":{"line":146,"column":27}},"97":{"start":{"line":148,"column":2},"end":{"line":148,"column":26}},"98":{"start":{"line":150,"column":2},"end":{"line":150,"column":31}},"99":{"start":{"line":151,"column":2},"end":{"line":151,"column":23}},"100":{"start":{"line":152,"column":2},"end":{"line":152,"column":26}},"101":{"start":{"line":154,"column":1},"end":{"line":160,"column":4}},"102":{"start":{"line":155,"column":2},"end":{"line":159,"column":3}},"103":{"start":{"line":156,"column":3},"end":{"line":158,"column":6}},"104":{"start":{"line":161,"column":1},"end":{"line":163,"column":2}},"105":{"start":{"line":162,"column":2},"end":{"line":162,"column":28}},"106":{"start":{"line":165,"column":0},"end":{"line":165,"column":41}},"107":{"start":{"line":167,"column":0},"end":{"line":172,"column":2}},"108":{"start":{"line":168,"column":1},"end":{"line":170,"column":2}},"109":{"start":{"line":169,"column":2},"end":{"line":169,"column":24}},"110":{"start":{"line":171,"column":1},"end":{"line":171,"column":13}},"111":{"start":{"line":174,"column":0},"end":{"line":184,"column":2}},"112":{"start":{"line":175,"column":1},"end":{"line":175,"column":29}},"113":{"start":{"line":176,"column":1},"end":{"line":176,"column":17}},"114":{"start":{"line":177,"column":1},"end":{"line":177,"column":30}},"115":{"start":{"line":178,"column":1},"end":{"line":178,"column":22}},"116":{"start":{"line":179,"column":1},"end":{"line":179,"column":26}},"117":{"start":{"line":180,"column":1},"end":{"line":183,"column":9}},"118":{"start":{"line":181,"column":2},"end":{"line":181,"column":41}},"119":{"start":{"line":182,"column":2},"end":{"line":182,"column":23}},"120":{"start":{"line":186,"column":0},"end":{"line":195,"column":2}},"121":{"start":{"line":187,"column":1},"end":{"line":187,"column":25}},"122":{"start":{"line":188,"column":1},"end":{"line":188,"column":21}},"123":{"start":{"line":189,"column":1},"end":{"line":189,"column":39}},"124":{"start":{"line":190,"column":1},"end":{"line":190,"column":36}},"125":{"start":{"line":191,"column":1},"end":{"line":193,"column":2}},"126":{"start":{"line":192,"column":2},"end":{"line":192,"column":21}},"127":{"start":{"line":194,"column":1},"end":{"line":194,"column":15}},"128":{"start":{"line":197,"column":0},"end":{"line":202,"column":2}},"129":{"start":{"line":198,"column":1},"end":{"line":201,"column":2}},"130":{"start":{"line":199,"column":2},"end":{"line":199,"column":46}},"131":{"start":{"line":200,"column":2},"end":{"line":200,"column":28}},"132":{"start":{"line":204,"column":0},"end":{"line":259,"column":2}},"133":{"start":{"line":205,"column":1},"end":{"line":257,"column":3}},"134":{"start":{"line":206,"column":2},"end":{"line":210,"column":4}},"135":{"start":{"line":211,"column":2},"end":{"line":211,"column":38}},"136":{"start":{"line":212,"column":2},"end":{"line":212,"column":34}},"137":{"start":{"line":213,"column":2},"end":{"line":222,"column":4}},"138":{"start":{"line":223,"column":2},"end":{"line":256,"column":3}},"139":{"start":{"line":224,"column":3},"end":{"line":255,"column":6}},"140":{"start":{"line":225,"column":16},"end":{"line":229,"column":17}},"141":{"start":{"line":226,"column":20},"end":{"line":226,"column":89}},"142":{"start":{"line":227,"column":20},"end":{"line":227,"column":47}},"143":{"start":{"line":228,"column":20},"end":{"line":228,"column":27}},"144":{"start":{"line":230,"column":4},"end":{"line":254,"column":7}},"145":{"start":{"line":231,"column":5},"end":{"line":231,"column":16}},"146":{"start":{"line":232,"column":5},"end":{"line":252,"column":6}},"147":{"start":{"line":233,"column":6},"end":{"line":233,"column":89}},"148":{"start":{"line":236,"column":6},"end":{"line":251,"column":7}},"149":{"start":{"line":237,"column":7},"end":{"line":237,"column":105}},"150":{"start":{"line":238,"column":7},"end":{"line":240,"column":8}},"151":{"start":{"line":239,"column":8},"end":{"line":239,"column":26}},"152":{"start":{"line":241,"column":7},"end":{"line":243,"column":8}},"153":{"start":{"line":242,"column":8},"end":{"line":242,"column":20}},"154":{"start":{"line":245,"column":7},"end":{"line":250,"column":8}},"155":{"start":{"line":246,"column":8},"end":{"line":246,"column":62}},"156":{"start":{"line":247,"column":8},"end":{"line":247,"column":68}},"157":{"start":{"line":249,"column":8},"end":{"line":249,"column":77}},"158":{"start":{"line":253,"column":5},"end":{"line":253,"column":32}},"159":{"start":{"line":258,"column":1},"end":{"line":258,"column":13}},"160":{"start":{"line":273,"column":0},"end":{"line":301,"column":2}},"161":{"start":{"line":274,"column":1},"end":{"line":274,"column":18}},"162":{"start":{"line":275,"column":1},"end":{"line":275,"column":37}},"163":{"start":{"line":276,"column":1},"end":{"line":276,"column":51}},"164":{"start":{"line":277,"column":1},"end":{"line":277,"column":39}},"165":{"start":{"line":278,"column":1},"end":{"line":278,"column":38}},"166":{"start":{"line":279,"column":1},"end":{"line":279,"column":34}},"167":{"start":{"line":280,"column":1},"end":{"line":280,"column":39}},"168":{"start":{"line":281,"column":1},"end":{"line":281,"column":53}},"169":{"start":{"line":282,"column":1},"end":{"line":282,"column":55}},"170":{"start":{"line":283,"column":1},"end":{"line":283,"column":100}},"171":{"start":{"line":284,"column":1},"end":{"line":284,"column":116}},"172":{"start":{"line":285,"column":1},"end":{"line":285,"column":50}},"173":{"start":{"line":286,"column":1},"end":{"line":286,"column":50}},"174":{"start":{"line":287,"column":1},"end":{"line":287,"column":56}},"175":{"start":{"line":288,"column":1},"end":{"line":288,"column":58}},"176":{"start":{"line":289,"column":1},"end":{"line":289,"column":44}},"177":{"start":{"line":290,"column":1},"end":{"line":290,"column":48}},"178":{"start":{"line":291,"column":1},"end":{"line":291,"column":42}},"179":{"start":{"line":292,"column":1},"end":{"line":292,"column":50}},"180":{"start":{"line":293,"column":1},"end":{"line":293,"col
[...]
meout = rsp.headers['timeout'];","\t\t\ttimeout = timeout && parseInt(timeout.replace(\"Second-\",\"\")) || 1800;","\t\t\tclearTimeout(service.timeoutHandle);","\t\t\tservice.timeoutHandle = setTimeout(function(){","\t\t\t\trenew(service);","\t\t\t},(timeout-1)*1000);","\t\t});","\t\treq.end();","\t}","};","","var unsubscribe = function(service){","\tclearTimeout(service.timeoutHandle);","\tservice.timeoutHandle = null;","\tif (service.sid) {","\t\tvar peer = service.device.peer;","\t\tvar port = peer.server && peer.server.address().port;","\t\tvar eventSubURL = service.eventSubURL;","\t\tvar url = URL.parse(eventSubURL);","\t\tvar req = http.request({","\t\t\thost: url.hostname,","\t\t\tport: url.port,","\t\t\tpath: url.path,","\t\t\tmethod: 'UNSUBSCRIBE',","\t\t\theaders: {","\t\t\t\tHOST: url.host,","\t\t\t\tSID: service.sid","\t\t\t}","\t\t},function(rsp){","\t\t\t","\t\t});","\t\treq.end();","\t\tservice.sid = null;","\t}","};","var registerHTTPHandler = function(peer){","\tpeer.server && peer.server.on(\"request\", peer.httpHandler = function(req,rsp){","\t\tvar self = this;","\t\tif (req) {","\t\t\tvar url = URL.parse(req.url,true);","\t\t\tvar method = req.method.toUpperCase();","\t\t\tvar isPeer = url.pathname.indexOf(peer.prefix) == 0;","\t\t}","\t\telse {","\t\t\tvar url = '/';","\t\t\tvar method = 'GET';","\t\t\tvar isPeer = false;","\t\t}","\t\tif (isPeer) {","\t\t\tvar path = url.pathname.substr(peer.prefix.length);","\t\t\tvar handler = httpHandlers[method+\" \"+path];","\t\t\tif (typeof handler == \"function\") {","\t\t\t\treq.path = path;","\t\t\t\treq.query = url.query;","\t\t\t\treq.data = '';","\t\t\t\treq.setEncoding('utf8');","\t\t\t\treq.on('data', function(chunk) { req.data += chunk;});","\t\t\t\treq.on('end', function(){handler.call(self,req,rsp,peer)});","\t\t\t}","\t\t\telse {","\t\t\t\trsp.statusCode = 404;","\t\t\t\trsp.end(\"Not found\");","\t\t\t}","\t\t}","\t});","};","var unregisterHTTPHandler = function(peer){","\tif (peer.server && peer.httpHandler) {","\t\tpeer.server.removeListener(\"request\",peer.httpHandler);","\t\tpeer.httpHandler = null;","\t}","};","","","var handleGetDeviceDescription = function(req,rsp,peer){","\tvar udn = req.query[\"udn\"];","\tvar device = peer.devices[udn];","\tif (device) {","\t\tvar xml = RENDER_DEVICE(device);","\t\trsp.setHeader('Content-Type','text/xml;charset=utf-8');","\t\trsp.end(xml,'utf8');","\t} else {","\t\trsp.statusCode = 404;","\t\trsp.end(\"Device not found\");","\t}","};","","var handleGetServiceDescription = function(req,rsp,peer){","\tvar usn = req.query[\"usn\"] || \"\";","\tvar split = usn.split(\"::\");","\tif (split.length==2) {","\t\tvar udn = split[0];","\t\tvar serviceType = split[1];","\t\tvar device = peer.devices[udn];","\t\tvar service = device && device.services[serviceType];","\t\tif (service) {","\t\t\tvar options = {","\t\t\t\tactions: service.description && service.description.actions || {},","\t\t\t\tvariables: service.description && service.description.variables || {},","\t\t\t\tconfigId: service.configId","\t\t\t};","\t\t\tvar xml = RENDER_SERVICE(options);","\t\t\trsp.setHeader('Content-Type','text/xml;charset=utf-8');","\t\t\trsp.end(xml,'utf8');","\t\t} else {","\t\t\trsp.statusCode = 404;","\t\t\trsp.end(\"Service not found\");","\t\t}","\t}","\telse {","\t\trsp.statusCode = 400;","\t\trsp.end(\"Parameter usn is missing or not valid\");","\t}","};","","var handlePostControl = function(req,rsp,peer){","\tvar usn = req.query[\"usn\"] || \"\";","\tvar split = usn.split(\"::\");","\tif (split.length==2) {","\t\tvar udn = split[0];","\t\tvar serviceType = split[1];","\t\tvar device = peer.devices[udn];","\t\tvar service = device && device.services[serviceType];","\t\tvar actionName = req.headers[\"SOAPACTION\"] || req.headers[\"soapaction\"];","\t\tactionName = actionName && actionName.substring(actionName.lastIndexOf(\"#\")+1,actionName.length-1);","\t\tif (service && actionName) {","\t\t\txml2js.parseString(req.data,{mergeAttrs: true, explicitArray: false, ignoreXmlns: true, ignoreAttrs: true},function(err,json){","\t\t\t\tif (err) {","\t\t\t\t\trsp.statusCode = 400;","\t\t\t\t\trsp.end(\"Request is not a valide XML message:\"+(err.message ||\"\"));","\t\t\t\t}","\t\t\t\telse {","\t\t\t\t\ttry {","\t\t\t\t\t\tvar inputs = json.Envelope.Body[actionName];","\t\t\t\t\t\tif (typeof inputs == \"undefined\") {","\t\t\t\t\t\t\tthrow new Error();","\t\t\t\t\t\t}","\t\t\t\t\t\tif (typeof inputs == \"string\") {","\t\t\t\t\t\t\tinputs = {};","\t\t\t\t\t\t}","\t\t\t\t\t\tvar options = {","\t\t\t\t\t\t\tserviceType: service.type,","\t\t\t\t\t\t\tactionName: actionName","\t\t\t\t\t\t};","\t\t\t\t\t\t","\t\t\t\t\t\ttry {","\t\t\t\t\t\t\toptions.outputs = service.implementation[actionName].call(service,inputs) || {};","\t\t\t\t\t\t} catch (e) {","\t\t\t\t\t\t\toptions.error = new UPnPError(e.message,501);","\t\t\t\t\t\t}","\t\t\t\t\t\tvar xml = RENDER_SOAP_RSP(options);","\t\t\t\t\t\trsp.setHeader('Content-Type','text/xml;charset=utf-8');","\t\t\t\t\t\trsp.end(xml,'utf8');","\t\t\t\t\t} catch (e) {","\t\t\t\t\t\trsp.statusCode = 400;","\t\t\t\t\t\trsp.end(\"Request is not a valide uPnP/SOAP message\",'utf8');","\t\t\t\t\t}","\t\t\t\t}","\t\t\t});","\t\t} else {","\t\t\trsp.statusCode = 404;","\t\t\trsp.end(\"Service or action not found\",'utf8');","\t\t}","\t}","\telse {","\t\trsp.statusCode = 400;","\t\trsp.end(\"Parameter usn is missing or not valid\",'utf8');","\t}","};","","var handlePostEvent = function(req,rsp,peer){","\tvar usn = req.query[\"usn\"] || \"\";","\tvar split = usn.split(\"::\");","\tif (split.length==2) {","\t\tvar udn = split[0];","\t\tvar serviceType = split[1];","\t\tvar device = peer.remoteDevices[udn];","\t\tvar service = device && device.services[serviceType];","\t\tif (service) {","\t\t\txml2js.parseString(req.data,{mergeAttrs: true, explicitArray: false, ignoreXmlns: true},function(err,json){","\t\t\t\tif (json) {","\t\t\t\t\tvar data = {};","\t\t\t\t\tvar props = json.propertyset && json.propertyset.property || [];","\t\t\t\t\tprops = props instanceof Array?props:[props];","\t\t\t\t\tfor ( var i = 0; i < props.length; i++) {","\t\t\t\t\t\tvar prop = props[i];","\t\t\t\t\t\tfor ( var key in prop) {","\t\t\t\t\t\t\tdata[key] = prop[key];","\t\t\t\t\t\t}","\t\t\t\t\t}","\t\t\t\t\tservice.emit(\"event\",data);","                    rsp.end();","\t\t\t\t}","                else {","                    rsp.statusCode = 400;","                    rsp.end(\"Request is not a valide XML message:\"+(err && err.message ||\"\"));","                }","\t\t\t});","\t\t}","        else {","            rsp.statusCode = 404;","            rsp.end(\"Service not found\",'utf8');","        }","\t}","    else {","        rsp.statusCode = 400;","        rsp.end(\"Parameter usn is missing or not valid\",'utf8');","    }","};","","var handleSubscribeEvent = function(req,rsp,peer){","\tvar usn = req.query[\"usn\"] || \"\";","\tvar split = usn.split(\"::\");","\tif (split.length==2) {","\t\tvar udn = split[0];","\t\tvar serviceType = split[1];","\t\tvar device = peer.devices[udn];","\t\tvar service = device && device.services[serviceType];","\t\tif (service) {","\t\t\tvar sid = \"uuid:\"+UUID.v4();","\t\t\tvar callbacks = req.headers.callback && req.headers.callback.replace(/[<|>]/g,\"\").split(\",\");","\t\t\tservice.subscriptions[sid] = {","\t\t\t\t\tcallbacks: callbacks,","\t\t\t\t\tseq: 0","\t\t\t};","\t\t\tvar timeout = req.headers.timeout || \"Second-1800\";","\t\t\trsp.setHeader('DATE',new Date().toUTCString());","\t\t\trsp.setHeader('SERVER',\"win/5.1 UPnP/1.1 famium/0.0.1\");","\t\t\trsp.setHeader('SID',sid);","\t\t\trsp.setHeader('CONTENT-LENGTH',0);","\t\t\trsp.setHeader('TIMEOUT',timeout);","\t\t}","\t\telse{","\t\t\trsp.statusCode = 404;","\t\t}","\t}","\telse{","\t\trsp.statusCode = 400;","\t}","\trsp.end();","};","","var handleUnsubscribeEvent = function(req,rsp,peer){","\tvar usn = req.query[\"usn\"] || \"\";","\tvar split = usn.split(\"::\");","\tif (split.length==2) {","\t\tvar udn = split[0];","\t\tvar serviceType = split[1];","\t\tvar device = peer.devices[udn];","\t\tvar service = device && device.services[serviceType];","\t\tif (service) {","\t\t\tvar sid = req.headers.sid;","\t\t\tdelete service.subscriptions[sid];","\t\t}","\t\telse{","\t\t\trsp.statusCode = 404;","\t\t}","\t}","\telse{","\t\trsp.statusCode = 400;","\t}","\trsp.end();","};","","var httpHandlers = {","\t\"GET /device/desc.xml\": handleGetDeviceDescription,","\t\"GET /service/desc.xml\": handleGetServiceDescription,","\t\"POST /service/control\": handlePostControl,","\t\"NOTIFY /events\": handlePostEvent,","\t\"SUBSCRIBE /service/events\": handleSubscribeEvent,","\t\"UNSUBSCRIBE /service/events\": handleUnsubscribeEvent","};","","var notify = function(nts,peer,entity){","\tvar port = peer.port;","\tif (!peer.ssdpPeer) {","\t\treturn;","\t}","\tvar devices = peer.devices;","\tif (entity instanceof Device) {","\t\tdevices = [entity];","\t}","\tfor ( var i in devices) {","\t\tvar device = devices[i];","\t\tif (device.available) {","\t\t\tvar headers = {","\t\t\t\t//'LOCATION': \"http://\"+peer.hostname+\":\"+port+device.descriptionURL,","                'LOCATION': \"http://{{networkInterfaceAddress}}:\"+port+device.descriptionURL,","                'SERVER': device.server,","\t\t\t\t'CONFIGID.UPNP.ORG': device.configId,","\t\t\t\t'NTS': nts","\t\t\t};","\t\t\theaders['NT'] = ROOT_DEVICE;","\t\t\theaders['USN'] = device.UDN+\"::\"+ROOT_DEVICE;","\t\t\tpeer.ssdpPeer.notify(headers);","\t\t\theaders['NT'] = device.UDN;","\t\t\theaders['USN'] = device.UDN;","\t\t\tpeer.ssdpPeer.notify(headers);","\t\t\theaders['NT'] = device.deviceType;","\t\t\theaders['USN'] = device.UDN+\"::\"+device.deviceType;","\t\t\tpeer.ssdpPeer.notify(headers);","\t\t\tfor ( var j in device.services) {","\t\t\t\tvar service = device.services[j];","\t\t\t\theaders['NT'] = service.serviceType;","\t\t\t\theaders['USN'] = device.UDN+\"::\"+service.serviceType;","\t\t\t\tpeer.ssdpPeer.notify(headers);","\t\t\t}","\t\t}","\t}","};","","var respond = function(st,peer,address){","\tvar port = peer.port;","\tif (!peer.ssdpPeer) {","\t\treturn;","\t}","\tif (st == SSDP_ALL) {","\t\tfor ( var i in peer.devices) {","\t\t\tvar device = peer.devices[i];","\t\t\tif (device.available) {","\t\t\t\tvar headers = {","\t\t\t\t\t//'LOCATION': \"http://\"+peer.hostname+\":\"+port+device.descriptionURL,","                    'LOCATION': \"http://{{networkInterfaceAddress}}:\"+port+device.descriptionURL,","\t\t\t\t\t'SERVER': device.server,","\t\t\t\t\t'CONFIGID.UPNP.ORG': device.configId","\t\t\t\t};","\t\t\t\theaders['ST'] = ROOT_DEVICE;","\t\t\t\theaders['USN'] = device.UDN+\"::\"+ROOT_DEVICE;","\t\t\t\tpeer.ssdpPeer.reply(headers,address);","\t\t\t\theaders['ST'] = device.UDN;","\t\t\t\theaders['USN'] = device.UDN;","\t\t\t\tpeer.ssdpPeer.reply(headers,address);","\t\t\t\theaders['ST'] = device.deviceType;","\t\t\t\theaders['USN'] = device.UDN+\"::\"+device.deviceType;","\t\t\t\tpeer.ssdpPeer.reply(headers,address);","\t\t\t\tfor ( var j in device.services) {","\t\t\t\t\tvar service = device.services[j];","\t\t\t\t\theaders['ST'] = service.serviceType;","\t\t\t\t\theaders['USN'] = device.UDN+\"::\"+service.serviceType;","\t\t\t\t\tpeer.ssdpPeer.reply(headers,address);","\t\t\t\t}","\t\t\t}","\t\t}","\t}","\telse if(st == ROOT_DEVICE){","\t\tfor ( var i in peer.devices) {","\t\t\tvar device = peer.devices[i];","\t\t\tif (device.available) {","\t\t\t\tvar headers = {","\t\t\t\t\t//'LOCATION': \"http://\"+peer.hostname+\":\"+port+device.descriptionURL,","                    'LOCATION': \"http://{{networkInterfaceAddress}}:\"+port+device.descriptionURL,","\t\t\t\t\t'SERVER': device.server,","\t\t\t\t\t'CONFIGID.UPNP.ORG': device.configId,","\t\t\t\t\t'ST': ROOT_DEVICE,","\t\t\t\t\t'USN': device.UDN+\"::\"+ROOT_DEVICE","\t\t\t\t};","\t\t\t\tpeer.ssdpPeer.reply(headers,address);","\t\t\t}","\t\t}","\t}","\telse {","\t\tfor ( var i in peer.devices) {","\t\t\tvar device = peer.devices[i];","\t\t\tif (device.available) {","\t\t\t\tvar headers = {","\t\t\t\t\t//'LOCATION': \"http://\"+peer.hostname+\":\"+port+device.descriptionURL,","                    'LOCATION': \"http://{{networkInterfaceAddress}}:\"+port+device.descriptionURL,","\t\t\t\t\t'SERVER': device.server,","\t\t\t\t\t'CONFIGID.UPNP.ORG': device.configId,","\t\t\t\t\t'ST': st,","\t\t\t\t\t'USN': device.UDN+\"::\"+ROOT_DEVICE","\t\t\t\t};","\t\t\t\tif (device.UDN == st) {","\t\t\t\t\theaders['USN'] = device.UDN;","\t\t\t\t\tpeer.ssdpPeer.reply(headers,address);","\t\t\t\t}","\t\t\t\telse if(device.deviceType == st){","\t\t\t\t\theaders['USN'] = device.UDN+\"::\"+device.deviceType;","\t\t\t\t\tpeer.ssdpPeer.reply(headers,address);","\t\t\t\t}","\t\t\t\telse {","\t\t\t\t\tfor ( var j in device.services) {","\t\t\t\t\t\tvar service = device.services[j];","\t\t\t\t\t\theaders['USN'] = device.UDN+\"::\"+service.serviceType;","\t\t\t\t\t\tpeer.ssdpPeer.reply(headers,address);","\t\t\t\t\t}","\t\t\t\t}\t\t\t\t","\t\t\t}","\t\t}","\t}","};","","var getHostname = function() {","\tvar interfaces = os.networkInterfaces();","\tfor ( var devName in interfaces) {","\t\tvar iface = interfaces[devName];","\t\tfor ( var i = 0; i < iface.length; i++) {","\t\t\tvar alias = iface[i];","\t\t\tif (alias.family === 'IPv4' && alias.address !== '127.0.0.1' && !alias.internal)","\t\t\t\treturn alias.address;","\t\t}","\t}","\treturn '0.0.0.0';","","    // this update allows the SSDP module to replace the {{networkInterfaceAddress}} placeholder with the actual","    // IP Address of the corresponding Network Interface. In the old implementation the same address is used","    // for all network interfaces. The old implementation is commented and will be removed in future releases","    // return \"{{networkInterfaceAddress}}\";","};","","var httpRequest = function(/* options, body, callback */) {","\tvar options, body, callback;","\toptions = arguments[0];","\tif (arguments.length === 3) {","\t\tbody = arguments[1];","\t\tcallback = arguments[2];","\t}","\telse if (arguments.length < 3 && typeof arguments[1] === \"function\") {","\t\tcallback = arguments[1];","\t}","","\tvar req = http.request(options, function(rsp) {","\t\tvar buffers = [];","\t\trsp.on(\"data\", function (data) {","\t\t\tbuffers.push(data)","\t\t});","\t\trsp.on(\"end\", function() {","\t\t\tvar err, data = buffers.length > 0 ? Buffer.concat(buffers).toString(\"utf8\") : \"\";","\t\t\tif (rsp.statusCode >=400) {","\t\t\t\terr = true;","\t\t\t}","\t\t\tcallback && callback(err, data);","\t\t});","\t}).on(\"error\", function(error) {","        var err = true;","        callback && callback(err);","    }).on('timeout', function () {","        req.abort();","    });","    req.setTimeout(2000);","\tif (body) {","\t\treq.end(body);","\t} else {","\t\treq.end();","\t}","};","","exports.createPeer = createPeer;","exports.UPnPError = UPnPError;",""],"l":{"24":1,"25":1,"26":1,"27":1,"28":1,"29":1,"30":1,"31":1,"32":1,"33":1,"35":1,"36":1,"37":1,"38":1,"39":1,"40":1,"41":1,"42":1,"43":1,"44":1,"45":1,"46":1,"47":1,"48":1,"49":1,"51":1,"52":1,"53":0,"54":0,"55":0,"56":0,"57":0,"59":1,"61":1,"62":0,"63":0,"64":0,"67":1,"68":0,"69":0,"70":0,"71":0,"72":0,"73":0,"74":0,"75":0,"76":0,"77":0,"78":0,"79":0,"80":0,"81":0,"82":0,"83":0,"84":0,"85":0,"89":0,"90":0,"91":0,"92":0,"93":0,"95":0,"96":0,"97":0,"98":0,"99":0,"104":0,"105":0,"106":0,"107":0,"108":0,"109":0,"110":0,"112":0,"116":0,"117":0,"119":0,"120":0,"121":0,"122":0,"123":0,"124":0,"125":0,"129":0,"130":0,"131":0,"132":0,"133":0,"135":0,"136":0,"137":0,"138":0,"139":0,"144":0,"145":0,"146":0,"148":0,"150":0,"151":0,"152":0,"154":0,"155":0,"156":0,"161":0,"162":0,"165":1,"167":1,"168":0,"169":0,"171":0,"174":1,"175":0,"176":0,"177":0,"178":0,"179":0,"180":0,"181":0,"182":0,"186":1,"187":0,"188":0,"189":0,"190":0,"191":0,"192":0,"194":0,"197":1,"198":0,"199":0,"200":0,"204":1,"205":0,"206":0,"211":0,"212":0,"213":0,"223":0,"224":0,"225":0,"226":0,"227":0,"228":0,"230":0,"231":0,"232":0,"233":0,"236":0,"237":0,"238":0,"239":0,"241":0,"242":0,"245":0,"246":0,"247":0,"249":0,"253":0,"258":0,"273":1,"274":0,"275":0,"276":0,"277":0,"278":0,"279":0,"280":0,"281":0,"282":0,"283":0,"284":0,"285":0,"286":0,"287":0,"288":0,"289":0,"290":0,"291":0,"292":0,"293":0,"294":0,"295":0,"296":0,"297":0,"298":0,"299":0,"300":0,"303":1,"304":0,"305":0,"308":1,"309":0,"310":0,"311":0,"312":0,"314":1,"315":0,"318":1,"319":0,"320":0,"321":0,"322":0,"323":0,"324":0,"325":0,"326":0,"327":0,"328":0,"329":0,"330":0,"331":0,"332":0,"333":0,"336":1,"337":0,"340":1,"341":0,"344":1,"345":0,"346":0,"347":0,"348":0,"351":0,"352":0,"353":0,"356":0,"359":0,"360":0,"361":0,"362":0,"363":0,"364":0,"365":0,"366":0,"380":0,"382":0,"386":1,"387":0,"388":0,"389":0,"390":0,"392":1,"394":1,"395":0,"396":0,"397":0,"398":0,"399":0,"401":0,"402":0,"403":0,"404":0,"405":0,"406":0,"407":0,"408":0,"409":0,"410":0,"411":0,"412":0,"413":0,"414":0,"415":0,"416":0,"417":0,"418":0,"419":0,"420":0,"421":0,"423":0,"424":0,"425":0,"427":0,"428":0,"429":0,"430":0,"431":0,"433":0,"434":0,"436":0,"437":0,"443":1,"444":0,"447":1,"448":0,"449":0,"450":0,"451":0,"452":0,"453":0,"454":0,"455":0,"456":0,"457":0,"458":0,"460":0,"461":0,"462":0,"465":0,"466":0,"467":0,"471":1,"472":1,"473":0,"474":0,"475":0,"477":0,"478":0,"479":0,"480":0,"481":0,"482":0,"483":0,"484":0,"485":0,"486":0,"487":0,"494":0,"495":0,"496":0,"498":0,"499":0,"500":0,"506":0,"507":0,"509":0,"510":0,"511":0,"512":0,"513":0,"514":0,"515":0,"516":0,"517":0,"518":0,"519":0,"520":0,"521":0,"522":0,"523":0,"525":0,"526":0,"529":0,"530":0,"532":0,"533":0,"538":0,"541":1,"542":0,"543":0,"544":0,"545":0,"546":0,"557":0,"558":0,"559":0,"560":0,"561":0,"562":0,"563":0,"566":0,"569":1,"570":0,"571":0,"572":0,"573":0,"574":0,"575":0,"585":0,"586":0,"587":0,"588":0,"589":0,"592":0,"596":1,"597":0,"598":0,"599":0,"600":0,"601":0,"602":0,"603":0,"604":0,"616":0,"617":0,"620":1,"621":0,"622":0,"623":0,"624":0,"625":0,"626":0,"629":0,"630":0,"631":0,"633":0,"634":0,"635":0,"636":0,"637":0,"638":0,"639":0,"640":0,"641":0,"642":0,"645":0,"646":0,"651":1,"652":0,"653":0,"654":0,"659":1,"660":0,"661":0,"662":0,"663":0,"664":0,"665":0,"667":0,"668":0,"672":1,"673":0,"674":0,"675":0,"676":0,"677":0,"678":0,"679":0,"680":0,"681":0,"686":0,"687":0,"688":0,"690":0,"691":0,"695":0,"696":0,"700":1,"701":0,"702":0,"703":0,"704":0,"705":0,"706":0,"707":0,"708":0,"709":0,"710":0,"711":0,"712":0,"713":0,"714":0,"717":0,"718":0,"719":0,"720":0,"722":0,"723":0,"725":0,"730":0,"731":0,"733":0,"735":0,"736":0,"737":0,"739":0,"740":0,"745":0,"746":0,"750":0,"751":0,"755":1,"756":0,"757":0,"758":0,"759":0,"760":0,"761":0,"762":0,"763":0,"764":0,"765":0,"766":0,"767":0,"768":0,"769":0,"770":0,"771":0,"772":0,"775":0,"776":0,"779":0,"780":0,"785":0,"786":0,"790":0,"791":0,"795":1,"796":0,"797":0,"798":0,"799":0,"800":0,"801":0,"802":0,"803":0,"804":0,"805":0,"806":0,"810":0,"811":0,"812":0,"813":0,"814":0,"815":0,"818":0,"822":0,"824":0,"827":1,"828":0,"829":0,"830":0,"831":0,"832":0,"833":0,"834":0,"835":0,"836":0,"837":0,"840":0,"844":0,"846":0,"849":1,"858":1,"859":0,"860":0,"861":0,"863":0,"864":0,"865":0,"867":0,"868":0,"869":0,"870":0,"877":0,"878":0,"879":0,"880":0,"881":0,"882":0,"883":0,"884":0,"885":0,"886":0,"887":0,"888":0,"889":0,"890":0,"896":1,"897":0,"898":0,"899":0,"901":0,"902":0,"903":0,"904":0,"905":0,"911":0,"912":0,"913":0,"914":0,"915":0,"916":0,"917":0,"918":0,"919":0,"920":0,"921":0,"922":0,"923":0,"924":0,"929":0,"930":0,"931":0,"932":0,"933":0,"941":0,"946":0,"947":0,"948":0,"949":0,"957":0,"958":0,"959":0,"961":0,"962":0,"963":0,"966":0,"967":0,"968":0,"969":0,"977":1,"978":0,"979":0,"980":0,"981":0,"982":0,"983":0,"984":0,"987":0,"995":1,"996":0,"997":0,"998":0,"999":0,"1000":0,"1002":0,"1003":0,"1006":0,"1007":0,"1008":0,"1009":0,"1011":0,"1012":0,"1013":0,"1014":0,"1016":0,"1019":0,"1020":0,"1022":0,"1024":0,"1025":0,"1026":0,"1028":0,"1032":1,"1033":1}}}